# JRE version: OpenJDK Runtime Environment Temurin-21.0.8+9 (21.0.8+9) (build 21.0.8+9-LTS)
# Java VM: OpenJDK 64-Bit Server VM Temurin-21.0.8+9 (21.0.8+9-LTS, mixed mode, emulated-client, sharing, tiered, compressed oops, compressed class ptrs, g1 gc, windows-amd64)
GC Precious Log:
 CardTable entry size: 512
 Card Set container configuration: InlinePtr #cards 5 size 8 Array Of Cards #cards 12 size 40 Howl #buckets 4 coarsen threshold 1843 Howl Bitmap #cards 512 size 80 coarsen threshold 460 Card regions per heap region 1 cards per card region 2048
 CPUs: 14 total, 14 available
 Memory: 15828M
 Large Page Support: Disabled
 NUMA Support: Disabled
 Compressed Oops: Enabled (32-bit)
 Heap Region Size: 1M
 Heap Min Capacity: 8M
 Heap Initial Capacity: 248M
 Heap Max Capacity: 1G
 Pre-touch: Disabled
 Parallel Workers: 11
 Concurrent Workers: 3
 Concurrent Refinement Workers: 11
 Periodic GC: Disabled
Heap:
 garbage-first heap   total 98304K, used 73589K [0x00000000c0000000, 0x0000000100000000)
  region size 1024K, 26 young (26624K), 5 survivors (5120K)
 Metaspace       used 58310K, committed 59392K, reserved 1114112K
  class space    used 7569K, committed 8064K, reserved 1048576K
GC Heap History (20 events):
Event: 1.385 GC heap after
{Heap after GC invocations=3 (full 0):
 garbage-first heap   total 253952K, used 18977K [0x00000000c0000000, 0x0000000100000000)
  region size 1024K, 4 young (4096K), 4 survivors (4096K)
 Metaspace       used 18982K, committed 19264K, reserved 1114112K
  class space    used 2507K, committed 2624K, reserved 1048576K
}
Event: 1.531 GC heap before
{Heap before GC invocations=3 (full 0):
 garbage-first heap   total 253952K, used 35361K [0x00000000c0000000, 0x0000000100000000)
  region size 1024K, 21 young (21504K), 4 survivors (4096K)
 Metaspace       used 21189K, committed 21504K, reserved 1114112K
  class space    used 2768K, committed 2944K, reserved 1048576K
}
Event: 1.535 GC heap after
{Heap after GC invocations=4 (full 0):
 garbage-first heap   total 253952K, used 20414K [0x00000000c0000000, 0x0000000100000000)
  region size 1024K, 6 young (6144K), 6 survivors (6144K)
 Metaspace       used 21189K, committed 21504K, reserved 1114112K
  class space    used 2768K, committed 2944K, reserved 1048576K
}
Event: 2.185 GC heap before
{Heap before GC invocations=5 (full 0):
 garbage-first heap   total 71680K, used 69566K [0x00000000c0000000, 0x0000000100000000)
  region size 1024K, 51 young (52224K), 6 survivors (6144K)
 Metaspace       used 29200K, committed 29696K, reserved 1114112K
  class space    used 3687K, committed 3904K, reserved 1048576K
}
Event: 2.194 GC heap after
{Heap after GC invocations=6 (full 0):
 garbage-first heap   total 81920K, used 25123K [0x00000000c0000000, 0x0000000100000000)
  region size 1024K, 10 young (10240K), 10 survivors (10240K)
 Metaspace       used 29200K, committed 29696K, reserved 1114112K
  class space    used 3687K, committed 3904K, reserved 1048576K
}
Event: 2.686 GC heap before
{Heap before GC invocations=6 (full 0):
 garbage-first heap   total 81920K, used 58915K [0x00000000c0000000, 0x0000000100000000)
  region size 1024K, 44 young (45056K), 10 survivors (10240K)
 Metaspace       used 35416K, committed 35968K, reserved 1114112K
  class space    used 4664K, committed 4928K, reserved 1048576K
}
Event: 2.692 GC heap after
{Heap after GC invocations=7 (full 0):
 garbage-first heap   total 81920K, used 28594K [0x00000000c0000000, 0x0000000100000000)
  region size 1024K, 4 young (4096K), 4 survivors (4096K)
 Metaspace       used 35416K, committed 35968K, reserved 1114112K
  class space    used 4664K, committed 4928K, reserved 1048576K
}
Event: 2.766 GC heap before
{Heap before GC invocations=7 (full 0):
 garbage-first heap   total 81920K, used 32690K [0x00000000c0000000, 0x0000000100000000)
  region size 1024K, 9 young (9216K), 4 survivors (4096K)
 Metaspace       used 35699K, committed 36288K, reserved 1114112K
  class space    used 4714K, committed 4992K, reserved 1048576K
}
Event: 2.768 GC heap after
{Heap after GC invocations=8 (full 0):
 garbage-first heap   total 81920K, used 28863K [0x00000000c0000000, 0x0000000100000000)
  region size 1024K, 1 young (1024K), 1 survivors (1024K)
 Metaspace       used 35699K, committed 36288K, reserved 1114112K
  class space    used 4714K, committed 4992K, reserved 1048576K
}
Event: 3.217 GC heap before
{Heap before GC invocations=9 (full 0):
 garbage-first heap   total 81920K, used 67775K [0x00000000c0000000, 0x0000000100000000)
  region size 1024K, 38 young (38912K), 1 survivors (1024K)
 Metaspace       used 40070K, committed 40768K, reserved 1114112K
  class space    used 5152K, committed 5504K, reserved 1048576K
}
Event: 3.220 GC heap after
{Heap after GC invocations=10 (full 0):
 garbage-first heap   total 81920K, used 34289K [0x00000000c0000000, 0x0000000100000000)
  region size 1024K, 5 young (5120K), 5 survivors (5120K)
 Metaspace       used 40070K, committed 40768K, reserved 1114112K
  class space    used 5152K, committed 5504K, reserved 1048576K
}
Event: 3.438 GC heap before
{Heap before GC invocations=10 (full 0):
 garbage-first heap   total 81920K, used 69105K [0x00000000c0000000, 0x0000000100000000)
  region size 1024K, 38 young (38912K), 5 survivors (5120K)
 Metaspace       used 45560K, committed 46400K, reserved 1114112K
  class space    used 5791K, committed 6208K, reserved 1048576K
}
Event: 3.442 GC heap after
{Heap after GC invocations=11 (full 0):
 garbage-first heap   total 81920K, used 39726K [0x00000000c0000000, 0x0000000100000000)
  region size 1024K, 5 young (5120K), 5 survivors (5120K)
 Metaspace       used 45560K, committed 46400K, reserved 1114112K
  class space    used 5791K, committed 6208K, reserved 1048576K
}
Event: 3.557 GC heap before
{Heap before GC invocations=11 (full 0):
 garbage-first heap   total 81920K, used 68398K [0x00000000c0000000, 0x0000000100000000)
  region size 1024K, 34 young (34816K), 5 survivors (5120K)
 Metaspace       used 48553K, committed 49472K, reserved 1114112K
  class space    used 6188K, committed 6592K, reserved 1048576K
}
Event: 3.561 GC heap after
{Heap after GC invocations=12 (full 0):
 garbage-first heap   total 98304K, used 42485K [0x00000000c0000000, 0x0000000100000000)
  region size 1024K, 4 young (4096K), 4 survivors (4096K)
 Metaspace       used 48553K, committed 49472K, reserved 1114112K
  class space    used 6188K, committed 6592K, reserved 1048576K
}
Event: 3.695 GC heap before
{Heap before GC invocations=12 (full 0):
 garbage-first heap   total 98304K, used 81397K [0x00000000c0000000, 0x0000000100000000)
  region size 1024K, 43 young (44032K), 4 survivors (4096K)
 Metaspace       used 50847K, committed 51712K, reserved 1114112K
  class space    used 6533K, committed 6912K, reserved 1048576K
}
Event: 3.700 GC heap after
{Heap after GC invocations=13 (full 0):
 garbage-first heap   total 98304K, used 49198K [0x00000000c0000000, 0x0000000100000000)
  region size 1024K, 6 young (6144K), 6 survivors (6144K)
 Metaspace       used 50847K, committed 51712K, reserved 1114112K
  class space    used 6533K, committed 6912K, reserved 1048576K
}
Event: 3.957 GC heap before
{Heap before GC invocations=13 (full 0):
 garbage-first heap   total 98304K, used 80942K [0x00000000c0000000, 0x0000000100000000)
  region size 1024K, 38 young (38912K), 6 survivors (6144K)
 Metaspace       used 55345K, committed 56384K, reserved 1114112K
  class space    used 7194K, committed 7616K, reserved 1048576K
}
Event: 3.961 GC heap after
{Heap after GC invocations=14 (full 0):
 garbage-first heap   total 98304K, used 54133K [0x00000000c0000000, 0x0000000100000000)
  region size 1024K, 5 young (5120K), 5 survivors (5120K)
 Metaspace       used 55345K, committed 56384K, reserved 1114112K
  class space    used 7194K, committed 7616K, reserved 1048576K
}
Event: 62.971 GC heap before
{Heap before GC invocations=14 (full 0):
 garbage-first heap   total 98304K, used 73589K [0x00000000c0000000, 0x0000000100000000)
  region size 1024K, 26 young (26624K), 5 survivors (5120K)
 Metaspace       used 58310K, committed 59392K, reserved 1114112K
  class space    used 7569K, committed 8064K, reserved 1048576K
}

