# JRE version: OpenJDK Runtime Environment Temurin-21.0.8+9 (21.0.8+9) (build 21.0.8+9-LTS)
# Java VM: OpenJDK 64-Bit Server VM Temurin-21.0.8+9 (21.0.8+9-LTS, mixed mode, emulated-client, sharing, tiered, compressed oops, compressed class ptrs, g1 gc, windows-amd64)
GC Precious Log:
 CardTable entry size: 512
 Card Set container configuration: InlinePtr #cards 5 size 8 Array Of Cards #cards 12 size 40 Howl #buckets 4 coarsen threshold 1843 Howl Bitmap #cards 512 size 80 coarsen threshold 460 Card regions per heap region 1 cards per card region 2048
 CPUs: 14 total, 14 available
 Memory: 15828M
 Large Page Support: Disabled
 NUMA Support: Disabled
 Compressed Oops: Enabled (32-bit)
 Heap Region Size: 1M
 Heap Min Capacity: 8M
 Heap Initial Capacity: 248M
 Heap Max Capacity: 1G
 Pre-touch: Disabled
 Parallel Workers: 11
 Concurrent Workers: 3
 Concurrent Refinement Workers: 11
 Periodic GC: Disabled
Heap:
 garbage-first heap   total 81920K, used 32943K [0x00000000c0000000, 0x0000000100000000)
  region size 1024K, 5 young (5120K), 5 survivors (5120K)
 Metaspace       used 40539K, committed 41280K, reserved 1114112K
  class space    used 5216K, committed 5568K, reserved 1048576K
GC Heap History (15 events):
Event: 0.590 GC heap before
{Heap before GC invocations=0 (full 0):
 garbage-first heap   total 253952K, used 24576K [0x00000000c0000000, 0x0000000100000000)
  region size 1024K, 23 young (23552K), 0 survivors (0K)
 Metaspace       used 2915K, committed 3072K, reserved 1114112K
  class space    used 385K, committed 448K, reserved 1048576K
}
Event: 0.594 GC heap after
{Heap after GC invocations=1 (full 0):
 garbage-first heap   total 253952K, used 11865K [0x00000000c0000000, 0x0000000100000000)
  region size 1024K, 3 young (3072K), 3 survivors (3072K)
 Metaspace       used 2915K, committed 3072K, reserved 1114112K
  class space    used 385K, committed 448K, reserved 1048576K
}
Event: 0.921 GC heap before
{Heap before GC invocations=1 (full 0):
 garbage-first heap   total 253952K, used 34393K [0x00000000c0000000, 0x0000000100000000)
  region size 1024K, 25 young (25600K), 3 survivors (3072K)
 Metaspace       used 9853K, committed 10048K, reserved 1114112K
  class space    used 1372K, committed 1472K, reserved 1048576K
}
Event: 0.925 GC heap after
{Heap after GC invocations=2 (full 0):
 garbage-first heap   total 253952K, used 15593K [0x00000000c0000000, 0x0000000100000000)
  region size 1024K, 4 young (4096K), 4 survivors (4096K)
 Metaspace       used 9853K, committed 10048K, reserved 1114112K
  class space    used 1372K, committed 1472K, reserved 1048576K
}
Event: 1.226 GC heap before
{Heap before GC invocations=2 (full 0):
 garbage-first heap   total 253952K, used 57577K [0x00000000c0000000, 0x0000000100000000)
  region size 1024K, 46 young (47104K), 4 survivors (4096K)
 Metaspace       used 18882K, committed 19200K, reserved 1114112K
  class space    used 2490K, committed 2624K, reserved 1048576K
}
Event: 1.231 GC heap after
{Heap after GC invocations=3 (full 0):
 garbage-first heap   total 253952K, used 19160K [0x00000000c0000000, 0x0000000100000000)
  region size 1024K, 4 young (4096K), 4 survivors (4096K)
 Metaspace       used 18882K, committed 19200K, reserved 1114112K
  class space    used 2490K, committed 2624K, reserved 1048576K
}
Event: 1.364 GC heap before
{Heap before GC invocations=3 (full 0):
 garbage-first heap   total 253952K, used 36568K [0x00000000c0000000, 0x0000000100000000)
  region size 1024K, 23 young (23552K), 4 survivors (4096K)
 Metaspace       used 21186K, committed 21504K, reserved 1114112K
  class space    used 2765K, committed 2944K, reserved 1048576K
}
Event: 1.367 GC heap after
{Heap after GC invocations=4 (full 0):
 garbage-first heap   total 253952K, used 20596K [0x00000000c0000000, 0x0000000100000000)
  region size 1024K, 6 young (6144K), 6 survivors (6144K)
 Metaspace       used 21186K, committed 21504K, reserved 1114112K
  class space    used 2765K, committed 2944K, reserved 1048576K
}
Event: 2.001 GC heap before
{Heap before GC invocations=5 (full 0):
 garbage-first heap   total 71680K, used 69748K [0x00000000c0000000, 0x0000000100000000)
  region size 1024K, 51 young (52224K), 6 survivors (6144K)
 Metaspace       used 29196K, committed 29696K, reserved 1114112K
  class space    used 3683K, committed 3904K, reserved 1048576K
}
Event: 2.009 GC heap after
{Heap after GC invocations=6 (full 0):
 garbage-first heap   total 81920K, used 24792K [0x00000000c0000000, 0x0000000100000000)
  region size 1024K, 10 young (10240K), 10 survivors (10240K)
 Metaspace       used 29196K, committed 29696K, reserved 1114112K
  class space    used 3683K, committed 3904K, reserved 1048576K
}
Event: 2.437 GC heap before
{Heap before GC invocations=6 (full 0):
 garbage-first heap   total 81920K, used 60632K [0x00000000c0000000, 0x0000000100000000)
  region size 1024K, 46 young (47104K), 10 survivors (10240K)
 Metaspace       used 35401K, committed 35968K, reserved 1114112K
  class space    used 4652K, committed 4928K, reserved 1048576K
}
Event: 2.443 GC heap after
{Heap after GC invocations=7 (full 0):
 garbage-first heap   total 81920K, used 28536K [0x00000000c0000000, 0x0000000100000000)
  region size 1024K, 4 young (4096K), 4 survivors (4096K)
 Metaspace       used 35401K, committed 35968K, reserved 1114112K
  class space    used 4652K, committed 4928K, reserved 1048576K
}
Event: 2.462 GC heap before
{Heap before GC invocations=7 (full 0):
 garbage-first heap   total 81920K, used 29560K [0x00000000c0000000, 0x0000000100000000)
  region size 1024K, 6 young (6144K), 4 survivors (4096K)
 Metaspace       used 35658K, committed 36288K, reserved 1114112K
  class space    used 4703K, committed 4992K, reserved 1048576K
}
Event: 2.464 GC heap after
{Heap after GC invocations=8 (full 0):
 garbage-first heap   total 81920K, used 29353K [0x00000000c0000000, 0x0000000100000000)
  region size 1024K, 1 young (1024K), 1 survivors (1024K)
 Metaspace       used 35658K, committed 36288K, reserved 1114112K
  class space    used 4703K, committed 4992K, reserved 1048576K
}
Event: 3.423 GC heap before
{Heap before GC invocations=9 (full 0):
 garbage-first heap   total 81920K, used 65193K [0x00000000c0000000, 0x0000000100000000)
  region size 1024K, 37 young (37888K), 1 survivors (1024K)
 Metaspace       used 40539K, committed 41280K, reserved 1114112K
  class space    used 5216K, committed 5568K, reserved 1048576K
}

