# JRE version: OpenJDK Runtime Environment Temurin-21.0.8+9 (21.0.8+9) (build 21.0.8+9-LTS)
# Java VM: OpenJDK 64-Bit Server VM Temurin-21.0.8+9 (21.0.8+9-LTS, mixed mode, emulated-client, sharing, tiered, compressed oops, compressed class ptrs, g1 gc, windows-amd64)
GC Precious Log:
 CardTable entry size: 512
 Card Set container configuration: InlinePtr #cards 5 size 8 Array Of Cards #cards 12 size 40 Howl #buckets 4 coarsen threshold 1843 Howl Bitmap #cards 512 size 80 coarsen threshold 460 Card regions per heap region 1 cards per card region 2048
 CPUs: 14 total, 14 available
 Memory: 15828M
 Large Page Support: Disabled
 NUMA Support: Disabled
 Compressed Oops: Enabled (32-bit)
 Heap Region Size: 1M
 Heap Min Capacity: 8M
 Heap Initial Capacity: 248M
 Heap Max Capacity: 1G
 Pre-touch: Disabled
 Parallel Workers: 11
 Concurrent Workers: 3
 Concurrent Refinement Workers: 11
 Periodic GC: Disabled
Heap:
 garbage-first heap   total 140288K, used 68536K [0x00000000c0000000, 0x0000000100000000)
  region size 1024K, 1 young (1024K), 0 survivors (0K)
 Metaspace       used 60102K, committed 60992K, reserved 1114112K
  class space    used 7688K, committed 8064K, reserved 1048576K
GC Heap History (20 events):
Event: 57072.118 GC heap after
{Heap after GC invocations=2942 (full 2840):
 garbage-first heap   total 140288K, used 48018K [0x00000000c0000000, 0x0000000100000000)
  region size 1024K, 0 young (0K), 0 survivors (0K)
 Metaspace       used 59886K, committed 60800K, reserved 1114112K
  class space    used 7647K, committed 8064K, reserved 1048576K
}
Event: 57082.481 GC heap before
{Heap before GC invocations=2942 (full 2840):
 garbage-first heap   total 140288K, used 48018K [0x00000000c0000000, 0x0000000100000000)
  region size 1024K, 1 young (1024K), 0 survivors (0K)
 Metaspace       used 59886K, committed 60800K, reserved 1114112K
  class space    used 7647K, committed 8064K, reserved 1048576K
}
Event: 57082.503 GC heap after
{Heap after GC invocations=2943 (full 2841):
 garbage-first heap   total 140288K, used 48018K [0x00000000c0000000, 0x0000000100000000)
  region size 1024K, 0 young (0K), 0 survivors (0K)
 Metaspace       used 59886K, committed 60800K, reserved 1114112K
  class space    used 7647K, committed 8064K, reserved 1048576K
}
Event: 57092.851 GC heap before
{Heap before GC invocations=2943 (full 2841):
 garbage-first heap   total 140288K, used 48018K [0x00000000c0000000, 0x0000000100000000)
  region size 1024K, 1 young (1024K), 0 survivors (0K)
 Metaspace       used 59886K, committed 60800K, reserved 1114112K
  class space    used 7647K, committed 8064K, reserved 1048576K
}
Event: 57092.871 GC heap after
{Heap after GC invocations=2944 (full 2842):
 garbage-first heap   total 140288K, used 48018K [0x00000000c0000000, 0x0000000100000000)
  region size 1024K, 0 young (0K), 0 survivors (0K)
 Metaspace       used 59886K, committed 60800K, reserved 1114112K
  class space    used 7647K, committed 8064K, reserved 1048576K
}
Event: 57105.358 GC heap before
{Heap before GC invocations=2944 (full 2842):
 garbage-first heap   total 140288K, used 70546K [0x00000000c0000000, 0x0000000100000000)
  region size 1024K, 23 young (23552K), 0 survivors (0K)
 Metaspace       used 60067K, committed 60864K, reserved 1114112K
  class space    used 7685K, committed 8064K, reserved 1048576K
}
Event: 57105.361 GC heap after
{Heap after GC invocations=2945 (full 2842):
 garbage-first heap   total 140288K, used 53004K [0x00000000c0000000, 0x0000000100000000)
  region size 1024K, 5 young (5120K), 5 survivors (5120K)
 Metaspace       used 60067K, committed 60864K, reserved 1114112K
  class space    used 7685K, committed 8064K, reserved 1048576K
}
Event: 57105.762 GC heap before
{Heap before GC invocations=2946 (full 2842):
 garbage-first heap   total 140288K, used 106252K [0x00000000c0000000, 0x0000000100000000)
  region size 1024K, 58 young (59392K), 5 survivors (5120K)
 Metaspace       used 60067K, committed 60864K, reserved 1114112K
  class space    used 7685K, committed 8064K, reserved 1048576K
}
Event: 57105.769 GC heap after
{Heap after GC invocations=2947 (full 2842):
 garbage-first heap   total 140288K, used 67858K [0x00000000c0000000, 0x0000000100000000)
  region size 1024K, 8 young (8192K), 8 survivors (8192K)
 Metaspace       used 60067K, committed 60864K, reserved 1114112K
  class space    used 7685K, committed 8064K, reserved 1048576K
}
Event: 57170.117 GC heap before
{Heap before GC invocations=2947 (full 2842):
 garbage-first heap   total 140288K, used 109842K [0x00000000c0000000, 0x0000000100000000)
  region size 1024K, 50 young (51200K), 8 survivors (8192K)
 Metaspace       used 60067K, committed 60864K, reserved 1114112K
  class space    used 7685K, committed 8064K, reserved 1048576K
}
Event: 57170.122 GC heap after
{Heap after GC invocations=2948 (full 2842):
 garbage-first heap   total 140288K, used 69322K [0x00000000c0000000, 0x0000000100000000)
  region size 1024K, 7 young (7168K), 7 survivors (7168K)
 Metaspace       used 60067K, committed 60864K, reserved 1114112K
  class space    used 7685K, committed 8064K, reserved 1048576K
}
Event: 57170.299 GC heap before
{Heap before GC invocations=2948 (full 2842):
 garbage-first heap   total 140288K, used 104138K [0x00000000c0000000, 0x0000000100000000)
  region size 1024K, 43 young (44032K), 7 survivors (7168K)
 Metaspace       used 60174K, committed 60928K, reserved 1114112K
  class space    used 7706K, committed 8064K, reserved 1048576K
}
Event: 57170.305 GC heap after
{Heap after GC invocations=2949 (full 2842):
 garbage-first heap   total 140288K, used 80246K [0x00000000c0000000, 0x0000000100000000)
  region size 1024K, 7 young (7168K), 7 survivors (7168K)
 Metaspace       used 60174K, committed 60928K, reserved 1114112K
  class space    used 7706K, committed 8064K, reserved 1048576K
}
Event: 57203.332 GC heap before
{Heap before GC invocations=2950 (full 2842):
 garbage-first heap   total 140288K, used 87414K [0x00000000c0000000, 0x0000000100000000)
  region size 1024K, 22 young (22528K), 7 survivors (7168K)
 Metaspace       used 60102K, committed 60992K, reserved 1114112K
  class space    used 7688K, committed 8064K, reserved 1048576K
}
Event: 57203.368 GC heap after
{Heap after GC invocations=2951 (full 2843):
 garbage-first heap   total 140288K, used 68536K [0x00000000c0000000, 0x0000000100000000)
  region size 1024K, 0 young (0K), 0 survivors (0K)
 Metaspace       used 60102K, committed 60992K, reserved 1114112K
  class space    used 7688K, committed 8064K, reserved 1048576K
}
Event: 57213.773 GC heap before
{Heap before GC invocations=2951 (full 2843):
 garbage-first heap   total 140288K, used 68536K [0x00000000c0000000, 0x0000000100000000)
  region size 1024K, 1 young (1024K), 0 survivors (0K)
 Metaspace       used 60102K, committed 60992K, reserved 1114112K
  class space    used 7688K, committed 8064K, reserved 1048576K
}
Event: 57213.813 GC heap after
{Heap after GC invocations=2952 (full 2844):
 garbage-first heap   total 140288K, used 68536K [0x00000000c0000000, 0x0000000100000000)
  region size 1024K, 0 young (0K), 0 survivors (0K)
 Metaspace       used 60102K, committed 60992K, reserved 1114112K
  class space    used 7688K, committed 8064K, reserved 1048576K
}
Event: 57224.204 GC heap before
{Heap before GC invocations=2952 (full 2844):
 garbage-first heap   total 140288K, used 68536K [0x00000000c0000000, 0x0000000100000000)
  region size 1024K, 1 young (1024K), 0 survivors (0K)
 Metaspace       used 60102K, committed 60992K, reserved 1114112K
  class space    used 7688K, committed 8064K, reserved 1048576K
}
Event: 57224.248 GC heap after
{Heap after GC invocations=2953 (full 2845):
 garbage-first heap   total 140288K, used 68536K [0x00000000c0000000, 0x0000000100000000)
  region size 1024K, 0 young (0K), 0 survivors (0K)
 Metaspace       used 60102K, committed 60992K, reserved 1114112K
  class space    used 7688K, committed 8064K, reserved 1048576K
}
Event: 57254.690 GC heap before
{Heap before GC invocations=2953 (full 2845):
 garbage-first heap   total 140288K, used 68536K [0x00000000c0000000, 0x0000000100000000)
  region size 1024K, 1 young (1024K), 0 survivors (0K)
 Metaspace       used 60102K, committed 60992K, reserved 1114112K
  class space    used 7688K, committed 8064K, reserved 1048576K
}

