# JRE version: OpenJDK Runtime Environment Temurin-21.0.8+9 (21.0.8+9) (build 21.0.8+9-LTS)
# Java VM: OpenJDK 64-Bit Server VM Temurin-21.0.8+9 (21.0.8+9-LTS, mixed mode, emulated-client, sharing, tiered, compressed oops, compressed class ptrs, g1 gc, windows-amd64)
GC Precious Log:
 CardTable entry size: 512
 Card Set container configuration: InlinePtr #cards 5 size 8 Array Of Cards #cards 12 size 40 Howl #buckets 4 coarsen threshold 1843 Howl Bitmap #cards 512 size 80 coarsen threshold 460 Card regions per heap region 1 cards per card region 2048
 CPUs: 14 total, 14 available
 Memory: 15828M
 Large Page Support: Disabled
 NUMA Support: Disabled
 Compressed Oops: Enabled (32-bit)
 Heap Region Size: 1M
 Heap Min Capacity: 8M
 Heap Initial Capacity: 248M
 Heap Max Capacity: 1G
 Pre-touch: Disabled
 Parallel Workers: 11
 Concurrent Workers: 3
 Concurrent Refinement Workers: 11
 Periodic GC: Disabled
Heap:
 garbage-first heap   total 161792K, used 74384K [0x00000000c0000000, 0x0000000100000000)
  region size 1024K, 1 young (1024K), 0 survivors (0K)
 Metaspace       used 56777K, committed 58112K, reserved 1114112K
  class space    used 7139K, committed 7680K, reserved 1048576K
GC Heap History (20 events):
Event: 693.242 GC heap after
{Heap after GC invocations=86 (full 63):
 garbage-first heap   total 161792K, used 74384K [0x00000000c0000000, 0x0000000100000000)
  region size 1024K, 0 young (0K), 0 survivors (0K)
 Metaspace       used 56777K, committed 58112K, reserved 1114112K
  class space    used 7139K, committed 7680K, reserved 1048576K
}
Event: 703.616 GC heap before
{Heap before GC invocations=86 (full 63):
 garbage-first heap   total 161792K, used 74384K [0x00000000c0000000, 0x0000000100000000)
  region size 1024K, 1 young (1024K), 0 survivors (0K)
 Metaspace       used 56777K, committed 58112K, reserved 1114112K
  class space    used 7139K, committed 7680K, reserved 1048576K
}
Event: 703.650 GC heap after
{Heap after GC invocations=87 (full 64):
 garbage-first heap   total 161792K, used 74384K [0x00000000c0000000, 0x0000000100000000)
  region size 1024K, 0 young (0K), 0 survivors (0K)
 Metaspace       used 56777K, committed 58112K, reserved 1114112K
  class space    used 7139K, committed 7680K, reserved 1048576K
}
Event: 714.065 GC heap before
{Heap before GC invocations=87 (full 64):
 garbage-first heap   total 161792K, used 74384K [0x00000000c0000000, 0x0000000100000000)
  region size 1024K, 1 young (1024K), 0 survivors (0K)
 Metaspace       used 56777K, committed 58112K, reserved 1114112K
  class space    used 7139K, committed 7680K, reserved 1048576K
}
Event: 714.096 GC heap after
{Heap after GC invocations=88 (full 65):
 garbage-first heap   total 161792K, used 74384K [0x00000000c0000000, 0x0000000100000000)
  region size 1024K, 0 young (0K), 0 survivors (0K)
 Metaspace       used 56777K, committed 58112K, reserved 1114112K
  class space    used 7139K, committed 7680K, reserved 1048576K
}
Event: 724.522 GC heap before
{Heap before GC invocations=88 (full 65):
 garbage-first heap   total 161792K, used 74384K [0x00000000c0000000, 0x0000000100000000)
  region size 1024K, 1 young (1024K), 0 survivors (0K)
 Metaspace       used 56777K, committed 58112K, reserved 1114112K
  class space    used 7139K, committed 7680K, reserved 1048576K
}
Event: 724.553 GC heap after
{Heap after GC invocations=89 (full 66):
 garbage-first heap   total 161792K, used 74384K [0x00000000c0000000, 0x0000000100000000)
  region size 1024K, 0 young (0K), 0 survivors (0K)
 Metaspace       used 56777K, committed 58112K, reserved 1114112K
  class space    used 7139K, committed 7680K, reserved 1048576K
}
Event: 734.956 GC heap before
{Heap before GC invocations=89 (full 66):
 garbage-first heap   total 161792K, used 74384K [0x00000000c0000000, 0x0000000100000000)
  region size 1024K, 1 young (1024K), 0 survivors (0K)
 Metaspace       used 56777K, committed 58112K, reserved 1114112K
  class space    used 7139K, committed 7680K, reserved 1048576K
}
Event: 734.987 GC heap after
{Heap after GC invocations=90 (full 67):
 garbage-first heap   total 161792K, used 74384K [0x00000000c0000000, 0x0000000100000000)
  region size 1024K, 0 young (0K), 0 survivors (0K)
 Metaspace       used 56777K, committed 58112K, reserved 1114112K
  class space    used 7139K, committed 7680K, reserved 1048576K
}
Event: 745.373 GC heap before
{Heap before GC invocations=90 (full 67):
 garbage-first heap   total 161792K, used 74384K [0x00000000c0000000, 0x0000000100000000)
  region size 1024K, 1 young (1024K), 0 survivors (0K)
 Metaspace       used 56777K, committed 58112K, reserved 1114112K
  class space    used 7139K, committed 7680K, reserved 1048576K
}
Event: 745.402 GC heap after
{Heap after GC invocations=91 (full 68):
 garbage-first heap   total 161792K, used 74384K [0x00000000c0000000, 0x0000000100000000)
  region size 1024K, 0 young (0K), 0 survivors (0K)
 Metaspace       used 56777K, committed 58112K, reserved 1114112K
  class space    used 7139K, committed 7680K, reserved 1048576K
}
Event: 755.782 GC heap before
{Heap before GC invocations=91 (full 68):
 garbage-first heap   total 161792K, used 74384K [0x00000000c0000000, 0x0000000100000000)
  region size 1024K, 1 young (1024K), 0 survivors (0K)
 Metaspace       used 56777K, committed 58112K, reserved 1114112K
  class space    used 7139K, committed 7680K, reserved 1048576K
}
Event: 755.815 GC heap after
{Heap after GC invocations=92 (full 69):
 garbage-first heap   total 161792K, used 74384K [0x00000000c0000000, 0x0000000100000000)
  region size 1024K, 0 young (0K), 0 survivors (0K)
 Metaspace       used 56777K, committed 58112K, reserved 1114112K
  class space    used 7139K, committed 7680K, reserved 1048576K
}
Event: 766.263 GC heap before
{Heap before GC invocations=92 (full 69):
 garbage-first heap   total 161792K, used 74384K [0x00000000c0000000, 0x0000000100000000)
  region size 1024K, 1 young (1024K), 0 survivors (0K)
 Metaspace       used 56777K, committed 58112K, reserved 1114112K
  class space    used 7139K, committed 7680K, reserved 1048576K
}
Event: 766.294 GC heap after
{Heap after GC invocations=93 (full 70):
 garbage-first heap   total 161792K, used 74384K [0x00000000c0000000, 0x0000000100000000)
  region size 1024K, 0 young (0K), 0 survivors (0K)
 Metaspace       used 56777K, committed 58112K, reserved 1114112K
  class space    used 7139K, committed 7680K, reserved 1048576K
}
Event: 776.674 GC heap before
{Heap before GC invocations=93 (full 70):
 garbage-first heap   total 161792K, used 74384K [0x00000000c0000000, 0x0000000100000000)
  region size 1024K, 1 young (1024K), 0 survivors (0K)
 Metaspace       used 56777K, committed 58112K, reserved 1114112K
  class space    used 7139K, committed 7680K, reserved 1048576K
}
Event: 776.703 GC heap after
{Heap after GC invocations=94 (full 71):
 garbage-first heap   total 161792K, used 74384K [0x00000000c0000000, 0x0000000100000000)
  region size 1024K, 0 young (0K), 0 survivors (0K)
 Metaspace       used 56777K, committed 58112K, reserved 1114112K
  class space    used 7139K, committed 7680K, reserved 1048576K
}
Event: 787.102 GC heap before
{Heap before GC invocations=94 (full 71):
 garbage-first heap   total 161792K, used 74384K [0x00000000c0000000, 0x0000000100000000)
  region size 1024K, 1 young (1024K), 0 survivors (0K)
 Metaspace       used 56777K, committed 58112K, reserved 1114112K
  class space    used 7139K, committed 7680K, reserved 1048576K
}
Event: 787.134 GC heap after
{Heap after GC invocations=95 (full 72):
 garbage-first heap   total 161792K, used 74384K [0x00000000c0000000, 0x0000000100000000)
  region size 1024K, 0 young (0K), 0 survivors (0K)
 Metaspace       used 56777K, committed 58112K, reserved 1114112K
  class space    used 7139K, committed 7680K, reserved 1048576K
}
Event: 798.548 GC heap before
{Heap before GC invocations=95 (full 72):
 garbage-first heap   total 161792K, used 74384K [0x00000000c0000000, 0x0000000100000000)
  region size 1024K, 1 young (1024K), 0 survivors (0K)
 Metaspace       used 56777K, committed 58112K, reserved 1114112K
  class space    used 7139K, committed 7680K, reserved 1048576K
}

