# JRE version: OpenJDK Runtime Environment Temurin-21.0.8+9 (21.0.8+9) (build 21.0.8+9-LTS)
# Java VM: OpenJDK 64-Bit Server VM Temurin-21.0.8+9 (21.0.8+9-LTS, mixed mode, emulated-client, sharing, tiered, compressed oops, compressed class ptrs, g1 gc, windows-amd64)
GC Precious Log:
 CardTable entry size: 512
 Card Set container configuration: InlinePtr #cards 5 size 8 Array Of Cards #cards 12 size 40 Howl #buckets 4 coarsen threshold 1843 Howl Bitmap #cards 512 size 80 coarsen threshold 460 Card regions per heap region 1 cards per card region 2048
 CPUs: 14 total, 14 available
 Memory: 15828M
 Large Page Support: Disabled
 NUMA Support: Disabled
 Compressed Oops: Enabled (32-bit)
 Heap Region Size: 1M
 Heap Min Capacity: 8M
 Heap Initial Capacity: 248M
 Heap Max Capacity: 1G
 Pre-touch: Disabled
 Parallel Workers: 11
 Concurrent Workers: 3
 Concurrent Refinement Workers: 11
 Periodic GC: Disabled
Heap:
 garbage-first heap   total 91136K, used 49378K [0x00000000c0000000, 0x0000000100000000)
  region size 1024K, 1 young (1024K), 0 survivors (0K)
 Metaspace       used 59201K, committed 60032K, reserved 1114112K
  class space    used 7513K, committed 7872K, reserved 1048576K
GC Heap History (20 events):
Event: 1715.401 GC heap after
{Heap after GC invocations=137 (full 120):
 garbage-first heap   total 91136K, used 49381K [0x00000000c0000000, 0x0000000100000000)
  region size 1024K, 0 young (0K), 0 survivors (0K)
 Metaspace       used 59201K, committed 60032K, reserved 1114112K
  class space    used 7513K, committed 7872K, reserved 1048576K
}
Event: 1725.804 GC heap before
{Heap before GC invocations=137 (full 120):
 garbage-first heap   total 91136K, used 49381K [0x00000000c0000000, 0x0000000100000000)
  region size 1024K, 1 young (1024K), 0 survivors (0K)
 Metaspace       used 59201K, committed 60032K, reserved 1114112K
  class space    used 7513K, committed 7872K, reserved 1048576K
}
Event: 1725.872 GC heap after
{Heap after GC invocations=138 (full 121):
 garbage-first heap   total 91136K, used 49381K [0x00000000c0000000, 0x0000000100000000)
  region size 1024K, 0 young (0K), 0 survivors (0K)
 Metaspace       used 59201K, committed 60032K, reserved 1114112K
  class space    used 7513K, committed 7872K, reserved 1048576K
}
Event: 1736.310 GC heap before
{Heap before GC invocations=138 (full 121):
 garbage-first heap   total 91136K, used 49381K [0x00000000c0000000, 0x0000000100000000)
  region size 1024K, 1 young (1024K), 0 survivors (0K)
 Metaspace       used 59201K, committed 60032K, reserved 1114112K
  class space    used 7513K, committed 7872K, reserved 1048576K
}
Event: 1736.398 GC heap after
{Heap after GC invocations=139 (full 122):
 garbage-first heap   total 91136K, used 49381K [0x00000000c0000000, 0x0000000100000000)
  region size 1024K, 0 young (0K), 0 survivors (0K)
 Metaspace       used 59201K, committed 60032K, reserved 1114112K
  class space    used 7513K, committed 7872K, reserved 1048576K
}
Event: 1746.831 GC heap before
{Heap before GC invocations=139 (full 122):
 garbage-first heap   total 91136K, used 49381K [0x00000000c0000000, 0x0000000100000000)
  region size 1024K, 1 young (1024K), 0 survivors (0K)
 Metaspace       used 59201K, committed 60032K, reserved 1114112K
  class space    used 7513K, committed 7872K, reserved 1048576K
}
Event: 1746.917 GC heap after
{Heap after GC invocations=140 (full 123):
 garbage-first heap   total 91136K, used 49381K [0x00000000c0000000, 0x0000000100000000)
  region size 1024K, 0 young (0K), 0 survivors (0K)
 Metaspace       used 59201K, committed 60032K, reserved 1114112K
  class space    used 7513K, committed 7872K, reserved 1048576K
}
Event: 1757.461 GC heap before
{Heap before GC invocations=140 (full 123):
 garbage-first heap   total 91136K, used 49381K [0x00000000c0000000, 0x0000000100000000)
  region size 1024K, 1 young (1024K), 0 survivors (0K)
 Metaspace       used 59212K, committed 60032K, reserved 1114112K
  class space    used 7515K, committed 7872K, reserved 1048576K
}
Event: 1757.516 GC heap after
{Heap after GC invocations=141 (full 124):
 garbage-first heap   total 91136K, used 49391K [0x00000000c0000000, 0x0000000100000000)
  region size 1024K, 0 young (0K), 0 survivors (0K)
 Metaspace       used 59212K, committed 60032K, reserved 1114112K
  class space    used 7515K, committed 7872K, reserved 1048576K
}
Event: 1780.020 GC heap before
{Heap before GC invocations=141 (full 124):
 garbage-first heap   total 91136K, used 49391K [0x00000000c0000000, 0x0000000100000000)
  region size 1024K, 1 young (1024K), 0 survivors (0K)
 Metaspace       used 59212K, committed 60032K, reserved 1114112K
  class space    used 7515K, committed 7872K, reserved 1048576K
}
Event: 1780.075 GC heap after
{Heap after GC invocations=142 (full 125):
 garbage-first heap   total 91136K, used 49392K [0x00000000c0000000, 0x0000000100000000)
  region size 1024K, 0 young (0K), 0 survivors (0K)
 Metaspace       used 59212K, committed 60032K, reserved 1114112K
  class space    used 7515K, committed 7872K, reserved 1048576K
}
Event: 1790.562 GC heap before
{Heap before GC invocations=142 (full 125):
 garbage-first heap   total 91136K, used 49392K [0x00000000c0000000, 0x0000000100000000)
  region size 1024K, 1 young (1024K), 0 survivors (0K)
 Metaspace       used 59212K, committed 60032K, reserved 1114112K
  class space    used 7515K, committed 7872K, reserved 1048576K
}
Event: 1790.603 GC heap after
{Heap after GC invocations=143 (full 126):
 garbage-first heap   total 91136K, used 49392K [0x00000000c0000000, 0x0000000100000000)
  region size 1024K, 0 young (0K), 0 survivors (0K)
 Metaspace       used 59212K, committed 60032K, reserved 1114112K
  class space    used 7515K, committed 7872K, reserved 1048576K
}
Event: 1800.990 GC heap before
{Heap before GC invocations=143 (full 126):
 garbage-first heap   total 91136K, used 49392K [0x00000000c0000000, 0x0000000100000000)
  region size 1024K, 1 young (1024K), 0 survivors (0K)
 Metaspace       used 59212K, committed 60032K, reserved 1114112K
  class space    used 7515K, committed 7872K, reserved 1048576K
}
Event: 1801.024 GC heap after
{Heap after GC invocations=144 (full 127):
 garbage-first heap   total 91136K, used 49378K [0x00000000c0000000, 0x0000000100000000)
  region size 1024K, 0 young (0K), 0 survivors (0K)
 Metaspace       used 59201K, committed 60032K, reserved 1114112K
  class space    used 7513K, committed 7872K, reserved 1048576K
}
Event: 1811.432 GC heap before
{Heap before GC invocations=144 (full 127):
 garbage-first heap   total 91136K, used 49378K [0x00000000c0000000, 0x0000000100000000)
  region size 1024K, 1 young (1024K), 0 survivors (0K)
 Metaspace       used 59201K, committed 60032K, reserved 1114112K
  class space    used 7513K, committed 7872K, reserved 1048576K
}
Event: 1811.473 GC heap after
{Heap after GC invocations=145 (full 128):
 garbage-first heap   total 91136K, used 49378K [0x00000000c0000000, 0x0000000100000000)
  region size 1024K, 0 young (0K), 0 survivors (0K)
 Metaspace       used 59201K, committed 60032K, reserved 1114112K
  class space    used 7513K, committed 7872K, reserved 1048576K
}
Event: 1825.026 GC heap before
{Heap before GC invocations=145 (full 128):
 garbage-first heap   total 91136K, used 49378K [0x00000000c0000000, 0x0000000100000000)
  region size 1024K, 1 young (1024K), 0 survivors (0K)
 Metaspace       used 59201K, committed 60032K, reserved 1114112K
  class space    used 7513K, committed 7872K, reserved 1048576K
}
Event: 1825.086 GC heap after
{Heap after GC invocations=146 (full 129):
 garbage-first heap   total 91136K, used 49378K [0x00000000c0000000, 0x0000000100000000)
  region size 1024K, 0 young (0K), 0 survivors (0K)
 Metaspace       used 59201K, committed 60032K, reserved 1114112K
  class space    used 7513K, committed 7872K, reserved 1048576K
}
Event: 1836.337 GC heap before
{Heap before GC invocations=146 (full 129):
 garbage-first heap   total 91136K, used 49378K [0x00000000c0000000, 0x0000000100000000)
  region size 1024K, 1 young (1024K), 0 survivors (0K)
 Metaspace       used 59201K, committed 60032K, reserved 1114112K
  class space    used 7513K, committed 7872K, reserved 1048576K
}

