# JRE version: OpenJDK Runtime Environment Temurin-21.0.8+9 (21.0.8+9) (build 21.0.8+9-LTS)
# Java VM: OpenJDK 64-Bit Server VM Temurin-21.0.8+9 (21.0.8+9-LTS, mixed mode, emulated-client, sharing, tiered, compressed oops, compressed class ptrs, g1 gc, windows-amd64)
GC Precious Log:
 CardTable entry size: 512
 Card Set container configuration: InlinePtr #cards 5 size 8 Array Of Cards #cards 12 size 40 Howl #buckets 4 coarsen threshold 1843 Howl Bitmap #cards 512 size 80 coarsen threshold 460 Card regions per heap region 1 cards per card region 2048
 CPUs: 14 total, 14 available
 Memory: 15828M
 Large Page Support: Disabled
 NUMA Support: Disabled
 Compressed Oops: Enabled (32-bit)
 Heap Region Size: 1M
 Heap Min Capacity: 8M
 Heap Initial Capacity: 248M
 Heap Max Capacity: 1G
 Pre-touch: Disabled
 Parallel Workers: 11
 Concurrent Workers: 3
 Concurrent Refinement Workers: 11
 Periodic GC: Disabled
Heap:
 garbage-first heap   total 113664K, used 48700K [0x00000000c0000000, 0x0000000100000000)
  region size 1024K, 1 young (1024K), 0 survivors (0K)
 Metaspace       used 58567K, committed 59904K, reserved 1114112K
  class space    used 7387K, committed 7936K, reserved 1048576K
GC Heap History (20 events):
Event: 5.638 GC heap after
{Heap after GC invocations=14 (full 0):
 garbage-first heap   total 113664K, used 50148K [0x00000000c0000000, 0x0000000100000000)
  region size 1024K, 3 young (3072K), 3 survivors (3072K)
 Metaspace       used 54061K, committed 54912K, reserved 1114112K
  class space    used 6819K, committed 7168K, reserved 1048576K
}
Event: 5.742 GC heap before
{Heap before GC invocations=14 (full 0):
 garbage-first heap   total 113664K, used 71652K [0x00000000c0000000, 0x0000000100000000)
  region size 1024K, 23 young (23552K), 3 survivors (3072K)
 Metaspace       used 54095K, committed 54912K, reserved 1114112K
  class space    used 6824K, committed 7168K, reserved 1048576K
}
Event: 5.747 GC heap after
{Heap after GC invocations=15 (full 0):
 garbage-first heap   total 113664K, used 53081K [0x00000000c0000000, 0x0000000100000000)
  region size 1024K, 6 young (6144K), 6 survivors (6144K)
 Metaspace       used 54095K, committed 54912K, reserved 1114112K
  class space    used 6824K, committed 7168K, reserved 1048576K
}
Event: 6.342 GC heap before
{Heap before GC invocations=15 (full 0):
 garbage-first heap   total 113664K, used 89945K [0x00000000c0000000, 0x0000000100000000)
  region size 1024K, 42 young (43008K), 6 survivors (6144K)
 Metaspace       used 56012K, committed 56832K, reserved 1114112K
  class space    used 7072K, committed 7488K, reserved 1048576K
}
Event: 6.347 GC heap after
{Heap after GC invocations=16 (full 0):
 garbage-first heap   total 113664K, used 59002K [0x00000000c0000000, 0x0000000100000000)
  region size 1024K, 5 young (5120K), 5 survivors (5120K)
 Metaspace       used 56012K, committed 56832K, reserved 1114112K
  class space    used 7072K, committed 7488K, reserved 1048576K
}
Event: 99.180 GC heap before
{Heap before GC invocations=16 (full 0):
 garbage-first heap   total 113664K, used 92794K [0x00000000c0000000, 0x0000000100000000)
  region size 1024K, 39 young (39936K), 5 survivors (5120K)
 Metaspace       used 58893K, committed 59776K, reserved 1114112K
  class space    used 7484K, committed 7872K, reserved 1048576K
}
Event: 99.185 GC heap after
{Heap after GC invocations=17 (full 0):
 garbage-first heap   total 113664K, used 63063K [0x00000000c0000000, 0x0000000100000000)
  region size 1024K, 5 young (5120K), 5 survivors (5120K)
 Metaspace       used 58893K, committed 59776K, reserved 1114112K
  class space    used 7484K, committed 7872K, reserved 1048576K
}
Event: 183.812 GC heap before
{Heap before GC invocations=18 (full 0):
 garbage-first heap   total 113664K, used 85591K [0x00000000c0000000, 0x0000000100000000)
  region size 1024K, 29 young (29696K), 5 survivors (5120K)
 Metaspace       used 58803K, committed 59904K, reserved 1114112K
  class space    used 7441K, committed 7936K, reserved 1048576K
}
Event: 183.871 GC heap after
{Heap after GC invocations=19 (full 1):
 garbage-first heap   total 113664K, used 49088K [0x00000000c0000000, 0x0000000100000000)
  region size 1024K, 0 young (0K), 0 survivors (0K)
 Metaspace       used 58743K, committed 59904K, reserved 1114112K
  class space    used 7425K, committed 7936K, reserved 1048576K
}
Event: 194.384 GC heap before
{Heap before GC invocations=19 (full 1):
 garbage-first heap   total 113664K, used 49088K [0x00000000c0000000, 0x0000000100000000)
  region size 1024K, 1 young (1024K), 0 survivors (0K)
 Metaspace       used 58743K, committed 59904K, reserved 1114112K
  class space    used 7425K, committed 7936K, reserved 1048576K
}
Event: 194.456 GC heap after
{Heap after GC invocations=20 (full 2):
 garbage-first heap   total 113664K, used 48699K [0x00000000c0000000, 0x0000000100000000)
  region size 1024K, 0 young (0K), 0 survivors (0K)
 Metaspace       used 58567K, committed 59904K, reserved 1114112K
  class space    used 7387K, committed 7936K, reserved 1048576K
}
Event: 204.974 GC heap before
{Heap before GC invocations=20 (full 2):
 garbage-first heap   total 113664K, used 48699K [0x00000000c0000000, 0x0000000100000000)
  region size 1024K, 1 young (1024K), 0 survivors (0K)
 Metaspace       used 58567K, committed 59904K, reserved 1114112K
  class space    used 7387K, committed 7936K, reserved 1048576K
}
Event: 205.035 GC heap after
{Heap after GC invocations=21 (full 3):
 garbage-first heap   total 113664K, used 48699K [0x00000000c0000000, 0x0000000100000000)
  region size 1024K, 0 young (0K), 0 survivors (0K)
 Metaspace       used 58567K, committed 59904K, reserved 1114112K
  class space    used 7387K, committed 7936K, reserved 1048576K
}
Event: 215.511 GC heap before
{Heap before GC invocations=21 (full 3):
 garbage-first heap   total 113664K, used 48699K [0x00000000c0000000, 0x0000000100000000)
  region size 1024K, 1 young (1024K), 0 survivors (0K)
 Metaspace       used 58567K, committed 59904K, reserved 1114112K
  class space    used 7387K, committed 7936K, reserved 1048576K
}
Event: 215.585 GC heap after
{Heap after GC invocations=22 (full 4):
 garbage-first heap   total 113664K, used 48700K [0x00000000c0000000, 0x0000000100000000)
  region size 1024K, 0 young (0K), 0 survivors (0K)
 Metaspace       used 58567K, committed 59904K, reserved 1114112K
  class space    used 7387K, committed 7936K, reserved 1048576K
}
Event: 226.152 GC heap before
{Heap before GC invocations=22 (full 4):
 garbage-first heap   total 113664K, used 48700K [0x00000000c0000000, 0x0000000100000000)
  region size 1024K, 1 young (1024K), 0 survivors (0K)
 Metaspace       used 58567K, committed 59904K, reserved 1114112K
  class space    used 7387K, committed 7936K, reserved 1048576K
}
Event: 226.214 GC heap after
{Heap after GC invocations=23 (full 5):
 garbage-first heap   total 113664K, used 48700K [0x00000000c0000000, 0x0000000100000000)
  region size 1024K, 0 young (0K), 0 survivors (0K)
 Metaspace       used 58567K, committed 59904K, reserved 1114112K
  class space    used 7387K, committed 7936K, reserved 1048576K
}
Event: 236.812 GC heap before
{Heap before GC invocations=23 (full 5):
 garbage-first heap   total 113664K, used 48700K [0x00000000c0000000, 0x0000000100000000)
  region size 1024K, 1 young (1024K), 0 survivors (0K)
 Metaspace       used 58567K, committed 59904K, reserved 1114112K
  class space    used 7387K, committed 7936K, reserved 1048576K
}
Event: 236.873 GC heap after
{Heap after GC invocations=24 (full 6):
 garbage-first heap   total 113664K, used 48700K [0x00000000c0000000, 0x0000000100000000)
  region size 1024K, 0 young (0K), 0 survivors (0K)
 Metaspace       used 58567K, committed 59904K, reserved 1114112K
  class space    used 7387K, committed 7936K, reserved 1048576K
}
Event: 249.254 GC heap before
{Heap before GC invocations=24 (full 6):
 garbage-first heap   total 113664K, used 48700K [0x00000000c0000000, 0x0000000100000000)
  region size 1024K, 1 young (1024K), 0 survivors (0K)
 Metaspace       used 58567K, committed 59904K, reserved 1114112K
  class space    used 7387K, committed 7936K, reserved 1048576K
}

