# JRE version: OpenJDK Runtime Environment Temurin-21.0.8+9 (21.0.8+9) (build 21.0.8+9-LTS)
# Java VM: OpenJDK 64-Bit Server VM Temurin-21.0.8+9 (21.0.8+9-LTS, mixed mode, emulated-client, sharing, tiered, compressed oops, compressed class ptrs, g1 gc, windows-amd64)
GC Precious Log:
 CardTable entry size: 512
 Card Set container configuration: InlinePtr #cards 5 size 8 Array Of Cards #cards 12 size 40 Howl #buckets 4 coarsen threshold 1843 Howl Bitmap #cards 512 size 80 coarsen threshold 460 Card regions per heap region 1 cards per card region 2048
 CPUs: 14 total, 14 available
 Memory: 15828M
 Large Page Support: Disabled
 NUMA Support: Disabled
 Compressed Oops: Enabled (32-bit)
 Heap Region Size: 1M
 Heap Min Capacity: 8M
 Heap Initial Capacity: 248M
 Heap Max Capacity: 1G
 Pre-touch: Disabled
 Parallel Workers: 11
 Concurrent Workers: 3
 Concurrent Refinement Workers: 11
 Periodic GC: Disabled
Heap:
 garbage-first heap   total 114688K, used 47484K [0x00000000c0000000, 0x0000000100000000)
  region size 1024K, 1 young (1024K), 0 survivors (0K)
 Metaspace       used 56496K, committed 57856K, reserved 1114112K
  class space    used 7115K, committed 7680K, reserved 1048576K
GC Heap History (20 events):
Event: 1582.478 GC heap after
{Heap after GC invocations=161 (full 146):
 garbage-first heap   total 114688K, used 47484K [0x00000000c0000000, 0x0000000100000000)
  region size 1024K, 0 young (0K), 0 survivors (0K)
 Metaspace       used 56496K, committed 57856K, reserved 1114112K
  class space    used 7115K, committed 7680K, reserved 1048576K
}
Event: 1592.992 GC heap before
{Heap before GC invocations=161 (full 146):
 garbage-first heap   total 114688K, used 47484K [0x00000000c0000000, 0x0000000100000000)
  region size 1024K, 1 young (1024K), 0 survivors (0K)
 Metaspace       used 56496K, committed 57856K, reserved 1114112K
  class space    used 7115K, committed 7680K, reserved 1048576K
}
Event: 1593.034 GC heap after
{Heap after GC invocations=162 (full 147):
 garbage-first heap   total 114688K, used 47484K [0x00000000c0000000, 0x0000000100000000)
  region size 1024K, 0 young (0K), 0 survivors (0K)
 Metaspace       used 56496K, committed 57856K, reserved 1114112K
  class space    used 7115K, committed 7680K, reserved 1048576K
}
Event: 1603.488 GC heap before
{Heap before GC invocations=162 (full 147):
 garbage-first heap   total 114688K, used 47484K [0x00000000c0000000, 0x0000000100000000)
  region size 1024K, 1 young (1024K), 0 survivors (0K)
 Metaspace       used 56496K, committed 57856K, reserved 1114112K
  class space    used 7115K, committed 7680K, reserved 1048576K
}
Event: 1603.524 GC heap after
{Heap after GC invocations=163 (full 148):
 garbage-first heap   total 114688K, used 47484K [0x00000000c0000000, 0x0000000100000000)
  region size 1024K, 0 young (0K), 0 survivors (0K)
 Metaspace       used 56496K, committed 57856K, reserved 1114112K
  class space    used 7115K, committed 7680K, reserved 1048576K
}
Event: 1614.059 GC heap before
{Heap before GC invocations=163 (full 148):
 garbage-first heap   total 114688K, used 47484K [0x00000000c0000000, 0x0000000100000000)
  region size 1024K, 1 young (1024K), 0 survivors (0K)
 Metaspace       used 56496K, committed 57856K, reserved 1114112K
  class space    used 7115K, committed 7680K, reserved 1048576K
}
Event: 1614.088 GC heap after
{Heap after GC invocations=164 (full 149):
 garbage-first heap   total 114688K, used 47484K [0x00000000c0000000, 0x0000000100000000)
  region size 1024K, 0 young (0K), 0 survivors (0K)
 Metaspace       used 56496K, committed 57856K, reserved 1114112K
  class space    used 7115K, committed 7680K, reserved 1048576K
}
Event: 1624.587 GC heap before
{Heap before GC invocations=164 (full 149):
 garbage-first heap   total 114688K, used 47484K [0x00000000c0000000, 0x0000000100000000)
  region size 1024K, 1 young (1024K), 0 survivors (0K)
 Metaspace       used 56496K, committed 57856K, reserved 1114112K
  class space    used 7115K, committed 7680K, reserved 1048576K
}
Event: 1624.627 GC heap after
{Heap after GC invocations=165 (full 150):
 garbage-first heap   total 114688K, used 47484K [0x00000000c0000000, 0x0000000100000000)
  region size 1024K, 0 young (0K), 0 survivors (0K)
 Metaspace       used 56496K, committed 57856K, reserved 1114112K
  class space    used 7115K, committed 7680K, reserved 1048576K
}
Event: 1635.100 GC heap before
{Heap before GC invocations=165 (full 150):
 garbage-first heap   total 114688K, used 47484K [0x00000000c0000000, 0x0000000100000000)
  region size 1024K, 1 young (1024K), 0 survivors (0K)
 Metaspace       used 56496K, committed 57856K, reserved 1114112K
  class space    used 7115K, committed 7680K, reserved 1048576K
}
Event: 1635.131 GC heap after
{Heap after GC invocations=166 (full 151):
 garbage-first heap   total 114688K, used 47484K [0x00000000c0000000, 0x0000000100000000)
  region size 1024K, 0 young (0K), 0 survivors (0K)
 Metaspace       used 56496K, committed 57856K, reserved 1114112K
  class space    used 7115K, committed 7680K, reserved 1048576K
}
Event: 1645.682 GC heap before
{Heap before GC invocations=166 (full 151):
 garbage-first heap   total 114688K, used 47484K [0x00000000c0000000, 0x0000000100000000)
  region size 1024K, 1 young (1024K), 0 survivors (0K)
 Metaspace       used 56496K, committed 57856K, reserved 1114112K
  class space    used 7115K, committed 7680K, reserved 1048576K
}
Event: 1645.715 GC heap after
{Heap after GC invocations=167 (full 152):
 garbage-first heap   total 114688K, used 47484K [0x00000000c0000000, 0x0000000100000000)
  region size 1024K, 0 young (0K), 0 survivors (0K)
 Metaspace       used 56496K, committed 57856K, reserved 1114112K
  class space    used 7115K, committed 7680K, reserved 1048576K
}
Event: 1656.285 GC heap before
{Heap before GC invocations=167 (full 152):
 garbage-first heap   total 114688K, used 47484K [0x00000000c0000000, 0x0000000100000000)
  region size 1024K, 1 young (1024K), 0 survivors (0K)
 Metaspace       used 56496K, committed 57856K, reserved 1114112K
  class space    used 7115K, committed 7680K, reserved 1048576K
}
Event: 1656.314 GC heap after
{Heap after GC invocations=168 (full 153):
 garbage-first heap   total 114688K, used 47484K [0x00000000c0000000, 0x0000000100000000)
  region size 1024K, 0 young (0K), 0 survivors (0K)
 Metaspace       used 56496K, committed 57856K, reserved 1114112K
  class space    used 7115K, committed 7680K, reserved 1048576K
}
Event: 1666.860 GC heap before
{Heap before GC invocations=168 (full 153):
 garbage-first heap   total 114688K, used 47484K [0x00000000c0000000, 0x0000000100000000)
  region size 1024K, 1 young (1024K), 0 survivors (0K)
 Metaspace       used 56496K, committed 57856K, reserved 1114112K
  class space    used 7115K, committed 7680K, reserved 1048576K
}
Event: 1666.900 GC heap after
{Heap after GC invocations=169 (full 154):
 garbage-first heap   total 114688K, used 47484K [0x00000000c0000000, 0x0000000100000000)
  region size 1024K, 0 young (0K), 0 survivors (0K)
 Metaspace       used 56496K, committed 57856K, reserved 1114112K
  class space    used 7115K, committed 7680K, reserved 1048576K
}
Event: 1677.371 GC heap before
{Heap before GC invocations=169 (full 154):
 garbage-first heap   total 114688K, used 47484K [0x00000000c0000000, 0x0000000100000000)
  region size 1024K, 1 young (1024K), 0 survivors (0K)
 Metaspace       used 56496K, committed 57856K, reserved 1114112K
  class space    used 7115K, committed 7680K, reserved 1048576K
}
Event: 1677.400 GC heap after
{Heap after GC invocations=170 (full 155):
 garbage-first heap   total 114688K, used 47484K [0x00000000c0000000, 0x0000000100000000)
  region size 1024K, 0 young (0K), 0 survivors (0K)
 Metaspace       used 56496K, committed 57856K, reserved 1114112K
  class space    used 7115K, committed 7680K, reserved 1048576K
}
Event: 1687.970 GC heap before
{Heap before GC invocations=170 (full 155):
 garbage-first heap   total 114688K, used 47484K [0x00000000c0000000, 0x0000000100000000)
  region size 1024K, 1 young (1024K), 0 survivors (0K)
 Metaspace       used 56496K, committed 57856K, reserved 1114112K
  class space    used 7115K, committed 7680K, reserved 1048576K
}

