# JRE version: OpenJDK Runtime Environment Temurin-21.0.8+9 (21.0.8+9) (build 21.0.8+9-LTS)
# Java VM: OpenJDK 64-Bit Server VM Temurin-21.0.8+9 (21.0.8+9-LTS, mixed mode, emulated-client, sharing, tiered, compressed oops, compressed class ptrs, g1 gc, windows-amd64)
GC Precious Log:
 CardTable entry size: 512
 Card Set container configuration: InlinePtr #cards 5 size 8 Array Of Cards #cards 12 size 40 Howl #buckets 4 coarsen threshold 1843 Howl Bitmap #cards 512 size 80 coarsen threshold 460 Card regions per heap region 1 cards per card region 2048
 CPUs: 14 total, 14 available
 Memory: 15828M
 Large Page Support: Disabled
 NUMA Support: Disabled
 Compressed Oops: Enabled (32-bit)
 Heap Region Size: 1M
 Heap Min Capacity: 8M
 Heap Initial Capacity: 248M
 Heap Max Capacity: 1G
 Pre-touch: Disabled
 Parallel Workers: 11
 Concurrent Workers: 3
 Concurrent Refinement Workers: 11
 Periodic GC: Disabled
Heap:
 garbage-first heap   total 101376K, used 39006K [0x00000000c0000000, 0x0000000100000000)
  region size 1024K, 1 young (1024K), 0 survivors (0K)
 Metaspace       used 58065K, committed 58880K, reserved 1114112K
  class space    used 7348K, committed 7680K, reserved 1048576K
GC Heap History (20 events):
Event: 5932.417 GC heap after
{Heap after GC invocations=301 (full 287):
 garbage-first heap   total 101376K, used 39006K [0x00000000c0000000, 0x0000000100000000)
  region size 1024K, 0 young (0K), 0 survivors (0K)
 Metaspace       used 58065K, committed 58880K, reserved 1114112K
  class space    used 7348K, committed 7680K, reserved 1048576K
}
Event: 5942.944 GC heap before
{Heap before GC invocations=301 (full 287):
 garbage-first heap   total 101376K, used 39006K [0x00000000c0000000, 0x0000000100000000)
  region size 1024K, 1 young (1024K), 0 survivors (0K)
 Metaspace       used 58065K, committed 58880K, reserved 1114112K
  class space    used 7348K, committed 7680K, reserved 1048576K
}
Event: 5942.984 GC heap after
{Heap after GC invocations=302 (full 288):
 garbage-first heap   total 101376K, used 39006K [0x00000000c0000000, 0x0000000100000000)
  region size 1024K, 0 young (0K), 0 survivors (0K)
 Metaspace       used 58065K, committed 58880K, reserved 1114112K
  class space    used 7348K, committed 7680K, reserved 1048576K
}
Event: 5953.515 GC heap before
{Heap before GC invocations=302 (full 288):
 garbage-first heap   total 101376K, used 39006K [0x00000000c0000000, 0x0000000100000000)
  region size 1024K, 1 young (1024K), 0 survivors (0K)
 Metaspace       used 58065K, committed 58880K, reserved 1114112K
  class space    used 7348K, committed 7680K, reserved 1048576K
}
Event: 5953.544 GC heap after
{Heap after GC invocations=303 (full 289):
 garbage-first heap   total 101376K, used 39006K [0x00000000c0000000, 0x0000000100000000)
  region size 1024K, 0 young (0K), 0 survivors (0K)
 Metaspace       used 58065K, committed 58880K, reserved 1114112K
  class space    used 7348K, committed 7680K, reserved 1048576K
}
Event: 5964.013 GC heap before
{Heap before GC invocations=303 (full 289):
 garbage-first heap   total 101376K, used 39006K [0x00000000c0000000, 0x0000000100000000)
  region size 1024K, 1 young (1024K), 0 survivors (0K)
 Metaspace       used 58065K, committed 58880K, reserved 1114112K
  class space    used 7348K, committed 7680K, reserved 1048576K
}
Event: 5964.064 GC heap after
{Heap after GC invocations=304 (full 290):
 garbage-first heap   total 101376K, used 39006K [0x00000000c0000000, 0x0000000100000000)
  region size 1024K, 0 young (0K), 0 survivors (0K)
 Metaspace       used 58065K, committed 58880K, reserved 1114112K
  class space    used 7348K, committed 7680K, reserved 1048576K
}
Event: 5974.750 GC heap before
{Heap before GC invocations=304 (full 290):
 garbage-first heap   total 101376K, used 39006K [0x00000000c0000000, 0x0000000100000000)
  region size 1024K, 1 young (1024K), 0 survivors (0K)
 Metaspace       used 58065K, committed 58880K, reserved 1114112K
  class space    used 7348K, committed 7680K, reserved 1048576K
}
Event: 5974.777 GC heap after
{Heap after GC invocations=305 (full 291):
 garbage-first heap   total 101376K, used 39006K [0x00000000c0000000, 0x0000000100000000)
  region size 1024K, 0 young (0K), 0 survivors (0K)
 Metaspace       used 58065K, committed 58880K, reserved 1114112K
  class space    used 7348K, committed 7680K, reserved 1048576K
}
Event: 5985.254 GC heap before
{Heap before GC invocations=305 (full 291):
 garbage-first heap   total 101376K, used 39006K [0x00000000c0000000, 0x0000000100000000)
  region size 1024K, 1 young (1024K), 0 survivors (0K)
 Metaspace       used 58065K, committed 58880K, reserved 1114112K
  class space    used 7348K, committed 7680K, reserved 1048576K
}
Event: 5985.299 GC heap after
{Heap after GC invocations=306 (full 292):
 garbage-first heap   total 101376K, used 39006K [0x00000000c0000000, 0x0000000100000000)
  region size 1024K, 0 young (0K), 0 survivors (0K)
 Metaspace       used 58065K, committed 58880K, reserved 1114112K
  class space    used 7348K, committed 7680K, reserved 1048576K
}
Event: 5995.730 GC heap before
{Heap before GC invocations=306 (full 292):
 garbage-first heap   total 101376K, used 39006K [0x00000000c0000000, 0x0000000100000000)
  region size 1024K, 1 young (1024K), 0 survivors (0K)
 Metaspace       used 58065K, committed 58880K, reserved 1114112K
  class space    used 7348K, committed 7680K, reserved 1048576K
}
Event: 5995.776 GC heap after
{Heap after GC invocations=307 (full 293):
 garbage-first heap   total 101376K, used 39006K [0x00000000c0000000, 0x0000000100000000)
  region size 1024K, 0 young (0K), 0 survivors (0K)
 Metaspace       used 58065K, committed 58880K, reserved 1114112K
  class space    used 7348K, committed 7680K, reserved 1048576K
}
Event: 6006.351 GC heap before
{Heap before GC invocations=307 (full 293):
 garbage-first heap   total 101376K, used 39006K [0x00000000c0000000, 0x0000000100000000)
  region size 1024K, 1 young (1024K), 0 survivors (0K)
 Metaspace       used 58065K, committed 58880K, reserved 1114112K
  class space    used 7348K, committed 7680K, reserved 1048576K
}
Event: 6006.385 GC heap after
{Heap after GC invocations=308 (full 294):
 garbage-first heap   total 101376K, used 39006K [0x00000000c0000000, 0x0000000100000000)
  region size 1024K, 0 young (0K), 0 survivors (0K)
 Metaspace       used 58065K, committed 58880K, reserved 1114112K
  class space    used 7348K, committed 7680K, reserved 1048576K
}
Event: 6016.987 GC heap before
{Heap before GC invocations=308 (full 294):
 garbage-first heap   total 101376K, used 39006K [0x00000000c0000000, 0x0000000100000000)
  region size 1024K, 1 young (1024K), 0 survivors (0K)
 Metaspace       used 58065K, committed 58880K, reserved 1114112K
  class space    used 7348K, committed 7680K, reserved 1048576K
}
Event: 6017.037 GC heap after
{Heap after GC invocations=309 (full 295):
 garbage-first heap   total 101376K, used 39006K [0x00000000c0000000, 0x0000000100000000)
  region size 1024K, 0 young (0K), 0 survivors (0K)
 Metaspace       used 58065K, committed 58880K, reserved 1114112K
  class space    used 7348K, committed 7680K, reserved 1048576K
}
Event: 6027.613 GC heap before
{Heap before GC invocations=309 (full 295):
 garbage-first heap   total 101376K, used 39006K [0x00000000c0000000, 0x0000000100000000)
  region size 1024K, 1 young (1024K), 0 survivors (0K)
 Metaspace       used 58065K, committed 58880K, reserved 1114112K
  class space    used 7348K, committed 7680K, reserved 1048576K
}
Event: 6027.662 GC heap after
{Heap after GC invocations=310 (full 296):
 garbage-first heap   total 101376K, used 39006K [0x00000000c0000000, 0x0000000100000000)
  region size 1024K, 0 young (0K), 0 survivors (0K)
 Metaspace       used 58065K, committed 58880K, reserved 1114112K
  class space    used 7348K, committed 7680K, reserved 1048576K
}
Event: 6038.759 GC heap before
{Heap before GC invocations=310 (full 296):
 garbage-first heap   total 101376K, used 39006K [0x00000000c0000000, 0x0000000100000000)
  region size 1024K, 1 young (1024K), 0 survivors (0K)
 Metaspace       used 58065K, committed 58880K, reserved 1114112K
  class space    used 7348K, committed 7680K, reserved 1048576K
}

