# JRE version: OpenJDK Runtime Environment Temurin-21.0.8+9 (21.0.8+9) (build 21.0.8+9-LTS)
# Java VM: OpenJDK 64-Bit Server VM Temurin-21.0.8+9 (21.0.8+9-LTS, mixed mode, emulated-client, sharing, tiered, compressed oops, compressed class ptrs, g1 gc, windows-amd64)
GC Precious Log:
 CardTable entry size: 512
 Card Set container configuration: InlinePtr #cards 5 size 8 Array Of Cards #cards 12 size 40 Howl #buckets 4 coarsen threshold 1843 Howl Bitmap #cards 512 size 80 coarsen threshold 460 Card regions per heap region 1 cards per card region 2048
 CPUs: 14 total, 14 available
 Memory: 15828M
 Large Page Support: Disabled
 NUMA Support: Disabled
 Compressed Oops: Enabled (32-bit)
 Heap Region Size: 1M
 Heap Min Capacity: 8M
 Heap Initial Capacity: 248M
 Heap Max Capacity: 1G
 Pre-touch: Disabled
 Parallel Workers: 11
 Concurrent Workers: 3
 Concurrent Refinement Workers: 11
 Periodic GC: Disabled
Heap:
 garbage-first heap   total 194560K, used 67756K [0x00000000c0000000, 0x0000000100000000)
  region size 1024K, 1 young (1024K), 0 survivors (0K)
 Metaspace       used 58728K, committed 59712K, reserved 1114112K
  class space    used 7425K, committed 7808K, reserved 1048576K
GC Heap History (20 events):
Event: 10066.487 GC heap after
{Heap after GC invocations=621 (full 603):
 garbage-first heap   total 194560K, used 67770K [0x00000000c0000000, 0x0000000100000000)
  region size 1024K, 0 young (0K), 0 survivors (0K)
 Metaspace       used 58738K, committed 59712K, reserved 1114112K
  class space    used 7426K, committed 7808K, reserved 1048576K
}
Event: 10076.839 GC heap before
{Heap before GC invocations=621 (full 603):
 garbage-first heap   total 194560K, used 67770K [0x00000000c0000000, 0x0000000100000000)
  region size 1024K, 1 young (1024K), 0 survivors (0K)
 Metaspace       used 58738K, committed 59712K, reserved 1114112K
  class space    used 7426K, committed 7808K, reserved 1048576K
}
Event: 10076.866 GC heap after
{Heap after GC invocations=622 (full 604):
 garbage-first heap   total 194560K, used 67770K [0x00000000c0000000, 0x0000000100000000)
  region size 1024K, 0 young (0K), 0 survivors (0K)
 Metaspace       used 58738K, committed 59712K, reserved 1114112K
  class space    used 7426K, committed 7808K, reserved 1048576K
}
Event: 10087.237 GC heap before
{Heap before GC invocations=622 (full 604):
 garbage-first heap   total 194560K, used 67770K [0x00000000c0000000, 0x0000000100000000)
  region size 1024K, 1 young (1024K), 0 survivors (0K)
 Metaspace       used 58738K, committed 59712K, reserved 1114112K
  class space    used 7426K, committed 7808K, reserved 1048576K
}
Event: 10087.264 GC heap after
{Heap after GC invocations=623 (full 605):
 garbage-first heap   total 194560K, used 67770K [0x00000000c0000000, 0x0000000100000000)
  region size 1024K, 0 young (0K), 0 survivors (0K)
 Metaspace       used 58738K, committed 59712K, reserved 1114112K
  class space    used 7426K, committed 7808K, reserved 1048576K
}
Event: 10097.703 GC heap before
{Heap before GC invocations=623 (full 605):
 garbage-first heap   total 194560K, used 67770K [0x00000000c0000000, 0x0000000100000000)
  region size 1024K, 1 young (1024K), 0 survivors (0K)
 Metaspace       used 58738K, committed 59712K, reserved 1114112K
  class space    used 7426K, committed 7808K, reserved 1048576K
}
Event: 10097.727 GC heap after
{Heap after GC invocations=624 (full 606):
 garbage-first heap   total 194560K, used 67770K [0x00000000c0000000, 0x0000000100000000)
  region size 1024K, 0 young (0K), 0 survivors (0K)
 Metaspace       used 58738K, committed 59712K, reserved 1114112K
  class space    used 7426K, committed 7808K, reserved 1048576K
}
Event: 10108.098 GC heap before
{Heap before GC invocations=624 (full 606):
 garbage-first heap   total 194560K, used 67770K [0x00000000c0000000, 0x0000000100000000)
  region size 1024K, 1 young (1024K), 0 survivors (0K)
 Metaspace       used 58738K, committed 59712K, reserved 1114112K
  class space    used 7426K, committed 7808K, reserved 1048576K
}
Event: 10108.123 GC heap after
{Heap after GC invocations=625 (full 607):
 garbage-first heap   total 194560K, used 67770K [0x00000000c0000000, 0x0000000100000000)
  region size 1024K, 0 young (0K), 0 survivors (0K)
 Metaspace       used 58738K, committed 59712K, reserved 1114112K
  class space    used 7426K, committed 7808K, reserved 1048576K
}
Event: 10118.475 GC heap before
{Heap before GC invocations=625 (full 607):
 garbage-first heap   total 194560K, used 67770K [0x00000000c0000000, 0x0000000100000000)
  region size 1024K, 1 young (1024K), 0 survivors (0K)
 Metaspace       used 58738K, committed 59712K, reserved 1114112K
  class space    used 7426K, committed 7808K, reserved 1048576K
}
Event: 10118.503 GC heap after
{Heap after GC invocations=626 (full 608):
 garbage-first heap   total 194560K, used 67770K [0x00000000c0000000, 0x0000000100000000)
  region size 1024K, 0 young (0K), 0 survivors (0K)
 Metaspace       used 58738K, committed 59712K, reserved 1114112K
  class space    used 7426K, committed 7808K, reserved 1048576K
}
Event: 10128.848 GC heap before
{Heap before GC invocations=626 (full 608):
 garbage-first heap   total 194560K, used 67770K [0x00000000c0000000, 0x0000000100000000)
  region size 1024K, 1 young (1024K), 0 survivors (0K)
 Metaspace       used 58738K, committed 59712K, reserved 1114112K
  class space    used 7426K, committed 7808K, reserved 1048576K
}
Event: 10128.876 GC heap after
{Heap after GC invocations=627 (full 609):
 garbage-first heap   total 194560K, used 67770K [0x00000000c0000000, 0x0000000100000000)
  region size 1024K, 0 young (0K), 0 survivors (0K)
 Metaspace       used 58738K, committed 59712K, reserved 1114112K
  class space    used 7426K, committed 7808K, reserved 1048576K
}
Event: 10139.232 GC heap before
{Heap before GC invocations=627 (full 609):
 garbage-first heap   total 194560K, used 67770K [0x00000000c0000000, 0x0000000100000000)
  region size 1024K, 1 young (1024K), 0 survivors (0K)
 Metaspace       used 58738K, committed 59712K, reserved 1114112K
  class space    used 7426K, committed 7808K, reserved 1048576K
}
Event: 10139.261 GC heap after
{Heap after GC invocations=628 (full 610):
 garbage-first heap   total 194560K, used 67770K [0x00000000c0000000, 0x0000000100000000)
  region size 1024K, 0 young (0K), 0 survivors (0K)
 Metaspace       used 58738K, committed 59712K, reserved 1114112K
  class space    used 7426K, committed 7808K, reserved 1048576K
}
Event: 10149.631 GC heap before
{Heap before GC invocations=628 (full 610):
 garbage-first heap   total 194560K, used 67770K [0x00000000c0000000, 0x0000000100000000)
  region size 1024K, 1 young (1024K), 0 survivors (0K)
 Metaspace       used 58738K, committed 59712K, reserved 1114112K
  class space    used 7426K, committed 7808K, reserved 1048576K
}
Event: 10149.658 GC heap after
{Heap after GC invocations=629 (full 611):
 garbage-first heap   total 194560K, used 67770K [0x00000000c0000000, 0x0000000100000000)
  region size 1024K, 0 young (0K), 0 survivors (0K)
 Metaspace       used 58738K, committed 59712K, reserved 1114112K
  class space    used 7426K, committed 7808K, reserved 1048576K
}
Event: 10160.076 GC heap before
{Heap before GC invocations=629 (full 611):
 garbage-first heap   total 194560K, used 67770K [0x00000000c0000000, 0x0000000100000000)
  region size 1024K, 1 young (1024K), 0 survivors (0K)
 Metaspace       used 58738K, committed 59712K, reserved 1114112K
  class space    used 7426K, committed 7808K, reserved 1048576K
}
Event: 10160.114 GC heap after
{Heap after GC invocations=630 (full 612):
 garbage-first heap   total 194560K, used 67756K [0x00000000c0000000, 0x0000000100000000)
  region size 1024K, 0 young (0K), 0 survivors (0K)
 Metaspace       used 58728K, committed 59712K, reserved 1114112K
  class space    used 7425K, committed 7808K, reserved 1048576K
}
Event: 10171.726 GC heap before
{Heap before GC invocations=630 (full 612):
 garbage-first heap   total 194560K, used 67756K [0x00000000c0000000, 0x0000000100000000)
  region size 1024K, 1 young (1024K), 0 survivors (0K)
 Metaspace       used 58728K, committed 59712K, reserved 1114112K
  class space    used 7425K, committed 7808K, reserved 1048576K
}

