# JRE version: OpenJDK Runtime Environment Temurin-21.0.8+9 (21.0.8+9) (build 21.0.8+9-LTS)
# Java VM: OpenJDK 64-Bit Server VM Temurin-21.0.8+9 (21.0.8+9-LTS, mixed mode, emulated-client, sharing, tiered, compressed oops, compressed class ptrs, g1 gc, windows-amd64)
GC Precious Log:
 CardTable entry size: 512
 Card Set container configuration: InlinePtr #cards 5 size 8 Array Of Cards #cards 12 size 40 Howl #buckets 4 coarsen threshold 1843 Howl Bitmap #cards 512 size 80 coarsen threshold 460 Card regions per heap region 1 cards per card region 2048
 CPUs: 14 total, 14 available
 Memory: 15828M
 Large Page Support: Disabled
 NUMA Support: Disabled
 Compressed Oops: Enabled (32-bit)
 Heap Region Size: 1M
 Heap Min Capacity: 8M
 Heap Initial Capacity: 248M
 Heap Max Capacity: 1G
 Pre-touch: Disabled
 Parallel Workers: 11
 Concurrent Workers: 3
 Concurrent Refinement Workers: 11
 Periodic GC: Disabled
Heap:
 garbage-first heap   total 111616K, used 46749K [0x00000000c0000000, 0x0000000100000000)
  region size 1024K, 1 young (1024K), 0 survivors (0K)
 Metaspace       used 56529K, committed 57152K, reserved 1114112K
  class space    used 7149K, committed 7424K, reserved 1048576K
GC Heap History (20 events):
Event: 2362.868 GC heap after
{Heap after GC invocations=235 (full 216):
 garbage-first heap   total 111616K, used 46749K [0x00000000c0000000, 0x0000000100000000)
  region size 1024K, 0 young (0K), 0 survivors (0K)
 Metaspace       used 56529K, committed 57152K, reserved 1114112K
  class space    used 7149K, committed 7424K, reserved 1048576K
}
Event: 2373.365 GC heap before
{Heap before GC invocations=235 (full 216):
 garbage-first heap   total 111616K, used 46749K [0x00000000c0000000, 0x0000000100000000)
  region size 1024K, 1 young (1024K), 0 survivors (0K)
 Metaspace       used 56529K, committed 57152K, reserved 1114112K
  class space    used 7149K, committed 7424K, reserved 1048576K
}
Event: 2373.444 GC heap after
{Heap after GC invocations=236 (full 217):
 garbage-first heap   total 111616K, used 46749K [0x00000000c0000000, 0x0000000100000000)
  region size 1024K, 0 young (0K), 0 survivors (0K)
 Metaspace       used 56529K, committed 57152K, reserved 1114112K
  class space    used 7149K, committed 7424K, reserved 1048576K
}
Event: 2383.946 GC heap before
{Heap before GC invocations=236 (full 217):
 garbage-first heap   total 111616K, used 46749K [0x00000000c0000000, 0x0000000100000000)
  region size 1024K, 1 young (1024K), 0 survivors (0K)
 Metaspace       used 56529K, committed 57152K, reserved 1114112K
  class space    used 7149K, committed 7424K, reserved 1048576K
}
Event: 2384.010 GC heap after
{Heap after GC invocations=237 (full 218):
 garbage-first heap   total 111616K, used 46749K [0x00000000c0000000, 0x0000000100000000)
  region size 1024K, 0 young (0K), 0 survivors (0K)
 Metaspace       used 56529K, committed 57152K, reserved 1114112K
  class space    used 7149K, committed 7424K, reserved 1048576K
}
Event: 2394.477 GC heap before
{Heap before GC invocations=237 (full 218):
 garbage-first heap   total 111616K, used 46749K [0x00000000c0000000, 0x0000000100000000)
  region size 1024K, 1 young (1024K), 0 survivors (0K)
 Metaspace       used 56529K, committed 57152K, reserved 1114112K
  class space    used 7149K, committed 7424K, reserved 1048576K
}
Event: 2394.547 GC heap after
{Heap after GC invocations=238 (full 219):
 garbage-first heap   total 111616K, used 46749K [0x00000000c0000000, 0x0000000100000000)
  region size 1024K, 0 young (0K), 0 survivors (0K)
 Metaspace       used 56529K, committed 57152K, reserved 1114112K
  class space    used 7149K, committed 7424K, reserved 1048576K
}
Event: 2405.176 GC heap before
{Heap before GC invocations=238 (full 219):
 garbage-first heap   total 111616K, used 46749K [0x00000000c0000000, 0x0000000100000000)
  region size 1024K, 1 young (1024K), 0 survivors (0K)
 Metaspace       used 56529K, committed 57152K, reserved 1114112K
  class space    used 7149K, committed 7424K, reserved 1048576K
}
Event: 2405.228 GC heap after
{Heap after GC invocations=239 (full 220):
 garbage-first heap   total 111616K, used 46749K [0x00000000c0000000, 0x0000000100000000)
  region size 1024K, 0 young (0K), 0 survivors (0K)
 Metaspace       used 56529K, committed 57152K, reserved 1114112K
  class space    used 7149K, committed 7424K, reserved 1048576K
}
Event: 2415.752 GC heap before
{Heap before GC invocations=239 (full 220):
 garbage-first heap   total 111616K, used 46749K [0x00000000c0000000, 0x0000000100000000)
  region size 1024K, 1 young (1024K), 0 survivors (0K)
 Metaspace       used 56529K, committed 57152K, reserved 1114112K
  class space    used 7149K, committed 7424K, reserved 1048576K
}
Event: 2415.811 GC heap after
{Heap after GC invocations=240 (full 221):
 garbage-first heap   total 111616K, used 46749K [0x00000000c0000000, 0x0000000100000000)
  region size 1024K, 0 young (0K), 0 survivors (0K)
 Metaspace       used 56529K, committed 57152K, reserved 1114112K
  class space    used 7149K, committed 7424K, reserved 1048576K
}
Event: 2426.332 GC heap before
{Heap before GC invocations=240 (full 221):
 garbage-first heap   total 111616K, used 46749K [0x00000000c0000000, 0x0000000100000000)
  region size 1024K, 1 young (1024K), 0 survivors (0K)
 Metaspace       used 56529K, committed 57152K, reserved 1114112K
  class space    used 7149K, committed 7424K, reserved 1048576K
}
Event: 2426.401 GC heap after
{Heap after GC invocations=241 (full 222):
 garbage-first heap   total 111616K, used 46749K [0x00000000c0000000, 0x0000000100000000)
  region size 1024K, 0 young (0K), 0 survivors (0K)
 Metaspace       used 56529K, committed 57152K, reserved 1114112K
  class space    used 7149K, committed 7424K, reserved 1048576K
}
Event: 2436.858 GC heap before
{Heap before GC invocations=241 (full 222):
 garbage-first heap   total 111616K, used 46749K [0x00000000c0000000, 0x0000000100000000)
  region size 1024K, 1 young (1024K), 0 survivors (0K)
 Metaspace       used 56529K, committed 57152K, reserved 1114112K
  class space    used 7149K, committed 7424K, reserved 1048576K
}
Event: 2436.914 GC heap after
{Heap after GC invocations=242 (full 223):
 garbage-first heap   total 111616K, used 46749K [0x00000000c0000000, 0x0000000100000000)
  region size 1024K, 0 young (0K), 0 survivors (0K)
 Metaspace       used 56529K, committed 57152K, reserved 1114112K
  class space    used 7149K, committed 7424K, reserved 1048576K
}
Event: 2447.400 GC heap before
{Heap before GC invocations=242 (full 223):
 garbage-first heap   total 111616K, used 46749K [0x00000000c0000000, 0x0000000100000000)
  region size 1024K, 1 young (1024K), 0 survivors (0K)
 Metaspace       used 56529K, committed 57152K, reserved 1114112K
  class space    used 7149K, committed 7424K, reserved 1048576K
}
Event: 2447.463 GC heap after
{Heap after GC invocations=243 (full 224):
 garbage-first heap   total 111616K, used 46749K [0x00000000c0000000, 0x0000000100000000)
  region size 1024K, 0 young (0K), 0 survivors (0K)
 Metaspace       used 56529K, committed 57152K, reserved 1114112K
  class space    used 7149K, committed 7424K, reserved 1048576K
}
Event: 2457.930 GC heap before
{Heap before GC invocations=243 (full 224):
 garbage-first heap   total 111616K, used 46749K [0x00000000c0000000, 0x0000000100000000)
  region size 1024K, 1 young (1024K), 0 survivors (0K)
 Metaspace       used 56529K, committed 57152K, reserved 1114112K
  class space    used 7149K, committed 7424K, reserved 1048576K
}
Event: 2457.992 GC heap after
{Heap after GC invocations=244 (full 225):
 garbage-first heap   total 111616K, used 46749K [0x00000000c0000000, 0x0000000100000000)
  region size 1024K, 0 young (0K), 0 survivors (0K)
 Metaspace       used 56529K, committed 57152K, reserved 1114112K
  class space    used 7149K, committed 7424K, reserved 1048576K
}
Event: 2473.376 GC heap before
{Heap before GC invocations=244 (full 225):
 garbage-first heap   total 111616K, used 46749K [0x00000000c0000000, 0x0000000100000000)
  region size 1024K, 1 young (1024K), 0 survivors (0K)
 Metaspace       used 56529K, committed 57152K, reserved 1114112K
  class space    used 7149K, committed 7424K, reserved 1048576K
}

