# JRE version: OpenJDK Runtime Environment Temurin-21.0.8+9 (21.0.8+9) (build 21.0.8+9-LTS)
# Java VM: OpenJDK 64-Bit Server VM Temurin-21.0.8+9 (21.0.8+9-LTS, mixed mode, emulated-client, sharing, tiered, compressed oops, compressed class ptrs, g1 gc, windows-amd64)
GC Precious Log:
 CardTable entry size: 512
 Card Set container configuration: InlinePtr #cards 5 size 8 Array Of Cards #cards 12 size 40 Howl #buckets 4 coarsen threshold 1843 Howl Bitmap #cards 512 size 80 coarsen threshold 460 Card regions per heap region 1 cards per card region 2048
 CPUs: 14 total, 14 available
 Memory: 15828M
 Large Page Support: Disabled
 NUMA Support: Disabled
 Compressed Oops: Enabled (32-bit)
 Heap Region Size: 1M
 Heap Min Capacity: 8M
 Heap Initial Capacity: 248M
 Heap Max Capacity: 1G
 Pre-touch: Disabled
 Parallel Workers: 11
 Concurrent Workers: 3
 Concurrent Refinement Workers: 11
 Periodic GC: Disabled
Heap:
 garbage-first heap   total 101376K, used 37953K [0x00000000c0000000, 0x0000000100000000)
  region size 1024K, 1 young (1024K), 0 survivors (0K)
 Metaspace       used 57831K, committed 58624K, reserved 1114112K
  class space    used 7344K, committed 7680K, reserved 1048576K
GC Heap History (20 events):
Event: 20315.728 GC heap after
{Heap after GC invocations=1703 (full 1672):
 garbage-first heap   total 101376K, used 37953K [0x00000000c0000000, 0x0000000100000000)
  region size 1024K, 0 young (0K), 0 survivors (0K)
 Metaspace       used 57831K, committed 58624K, reserved 1114112K
  class space    used 7344K, committed 7680K, reserved 1048576K
}
Event: 20326.140 GC heap before
{Heap before GC invocations=1703 (full 1672):
 garbage-first heap   total 101376K, used 37953K [0x00000000c0000000, 0x0000000100000000)
  region size 1024K, 1 young (1024K), 0 survivors (0K)
 Metaspace       used 57831K, committed 58624K, reserved 1114112K
  class space    used 7344K, committed 7680K, reserved 1048576K
}
Event: 20326.190 GC heap after
{Heap after GC invocations=1704 (full 1673):
 garbage-first heap   total 101376K, used 37953K [0x00000000c0000000, 0x0000000100000000)
  region size 1024K, 0 young (0K), 0 survivors (0K)
 Metaspace       used 57831K, committed 58624K, reserved 1114112K
  class space    used 7344K, committed 7680K, reserved 1048576K
}
Event: 20336.624 GC heap before
{Heap before GC invocations=1704 (full 1673):
 garbage-first heap   total 101376K, used 37953K [0x00000000c0000000, 0x0000000100000000)
  region size 1024K, 1 young (1024K), 0 survivors (0K)
 Metaspace       used 57831K, committed 58624K, reserved 1114112K
  class space    used 7344K, committed 7680K, reserved 1048576K
}
Event: 20336.675 GC heap after
{Heap after GC invocations=1705 (full 1674):
 garbage-first heap   total 101376K, used 37953K [0x00000000c0000000, 0x0000000100000000)
  region size 1024K, 0 young (0K), 0 survivors (0K)
 Metaspace       used 57831K, committed 58624K, reserved 1114112K
  class space    used 7344K, committed 7680K, reserved 1048576K
}
Event: 20347.121 GC heap before
{Heap before GC invocations=1705 (full 1674):
 garbage-first heap   total 101376K, used 37953K [0x00000000c0000000, 0x0000000100000000)
  region size 1024K, 1 young (1024K), 0 survivors (0K)
 Metaspace       used 57831K, committed 58624K, reserved 1114112K
  class space    used 7344K, committed 7680K, reserved 1048576K
}
Event: 20347.165 GC heap after
{Heap after GC invocations=1706 (full 1675):
 garbage-first heap   total 101376K, used 37953K [0x00000000c0000000, 0x0000000100000000)
  region size 1024K, 0 young (0K), 0 survivors (0K)
 Metaspace       used 57831K, committed 58624K, reserved 1114112K
  class space    used 7344K, committed 7680K, reserved 1048576K
}
Event: 20357.604 GC heap before
{Heap before GC invocations=1706 (full 1675):
 garbage-first heap   total 101376K, used 37953K [0x00000000c0000000, 0x0000000100000000)
  region size 1024K, 1 young (1024K), 0 survivors (0K)
 Metaspace       used 57831K, committed 58624K, reserved 1114112K
  class space    used 7344K, committed 7680K, reserved 1048576K
}
Event: 20357.651 GC heap after
{Heap after GC invocations=1707 (full 1676):
 garbage-first heap   total 101376K, used 37953K [0x00000000c0000000, 0x0000000100000000)
  region size 1024K, 0 young (0K), 0 survivors (0K)
 Metaspace       used 57831K, committed 58624K, reserved 1114112K
  class space    used 7344K, committed 7680K, reserved 1048576K
}
Event: 20368.133 GC heap before
{Heap before GC invocations=1707 (full 1676):
 garbage-first heap   total 101376K, used 37953K [0x00000000c0000000, 0x0000000100000000)
  region size 1024K, 1 young (1024K), 0 survivors (0K)
 Metaspace       used 57831K, committed 58624K, reserved 1114112K
  class space    used 7344K, committed 7680K, reserved 1048576K
}
Event: 20368.180 GC heap after
{Heap after GC invocations=1708 (full 1677):
 garbage-first heap   total 101376K, used 37953K [0x00000000c0000000, 0x0000000100000000)
  region size 1024K, 0 young (0K), 0 survivors (0K)
 Metaspace       used 57831K, committed 58624K, reserved 1114112K
  class space    used 7344K, committed 7680K, reserved 1048576K
}
Event: 20378.603 GC heap before
{Heap before GC invocations=1708 (full 1677):
 garbage-first heap   total 101376K, used 37953K [0x00000000c0000000, 0x0000000100000000)
  region size 1024K, 1 young (1024K), 0 survivors (0K)
 Metaspace       used 57831K, committed 58624K, reserved 1114112K
  class space    used 7344K, committed 7680K, reserved 1048576K
}
Event: 20378.655 GC heap after
{Heap after GC invocations=1709 (full 1678):
 garbage-first heap   total 101376K, used 37953K [0x00000000c0000000, 0x0000000100000000)
  region size 1024K, 0 young (0K), 0 survivors (0K)
 Metaspace       used 57831K, committed 58624K, reserved 1114112K
  class space    used 7344K, committed 7680K, reserved 1048576K
}
Event: 20389.160 GC heap before
{Heap before GC invocations=1709 (full 1678):
 garbage-first heap   total 101376K, used 37953K [0x00000000c0000000, 0x0000000100000000)
  region size 1024K, 1 young (1024K), 0 survivors (0K)
 Metaspace       used 57831K, committed 58624K, reserved 1114112K
  class space    used 7344K, committed 7680K, reserved 1048576K
}
Event: 20389.202 GC heap after
{Heap after GC invocations=1710 (full 1679):
 garbage-first heap   total 101376K, used 37953K [0x00000000c0000000, 0x0000000100000000)
  region size 1024K, 0 young (0K), 0 survivors (0K)
 Metaspace       used 57831K, committed 58624K, reserved 1114112K
  class space    used 7344K, committed 7680K, reserved 1048576K
}
Event: 20399.632 GC heap before
{Heap before GC invocations=1710 (full 1679):
 garbage-first heap   total 101376K, used 37953K [0x00000000c0000000, 0x0000000100000000)
  region size 1024K, 1 young (1024K), 0 survivors (0K)
 Metaspace       used 57831K, committed 58624K, reserved 1114112K
  class space    used 7344K, committed 7680K, reserved 1048576K
}
Event: 20399.675 GC heap after
{Heap after GC invocations=1711 (full 1680):
 garbage-first heap   total 101376K, used 37953K [0x00000000c0000000, 0x0000000100000000)
  region size 1024K, 0 young (0K), 0 survivors (0K)
 Metaspace       used 57831K, committed 58624K, reserved 1114112K
  class space    used 7344K, committed 7680K, reserved 1048576K
}
Event: 20410.137 GC heap before
{Heap before GC invocations=1711 (full 1680):
 garbage-first heap   total 101376K, used 37953K [0x00000000c0000000, 0x0000000100000000)
  region size 1024K, 1 young (1024K), 0 survivors (0K)
 Metaspace       used 57831K, committed 58624K, reserved 1114112K
  class space    used 7344K, committed 7680K, reserved 1048576K
}
Event: 20410.183 GC heap after
{Heap after GC invocations=1712 (full 1681):
 garbage-first heap   total 101376K, used 37953K [0x00000000c0000000, 0x0000000100000000)
  region size 1024K, 0 young (0K), 0 survivors (0K)
 Metaspace       used 57831K, committed 58624K, reserved 1114112K
  class space    used 7344K, committed 7680K, reserved 1048576K
}
Event: 20420.644 GC heap before
{Heap before GC invocations=1712 (full 1681):
 garbage-first heap   total 101376K, used 37953K [0x00000000c0000000, 0x0000000100000000)
  region size 1024K, 1 young (1024K), 0 survivors (0K)
 Metaspace       used 57831K, committed 58624K, reserved 1114112K
  class space    used 7344K, committed 7680K, reserved 1048576K
}

