# JRE version: OpenJDK Runtime Environment Temurin-21.0.8+9 (21.0.8+9) (build 21.0.8+9-LTS)
# Java VM: OpenJDK 64-Bit Server VM Temurin-21.0.8+9 (21.0.8+9-LTS, mixed mode, emulated-client, sharing, tiered, compressed oops, compressed class ptrs, g1 gc, windows-amd64)
GC Precious Log:
 CardTable entry size: 512
 Card Set container configuration: InlinePtr #cards 5 size 8 Array Of Cards #cards 12 size 40 Howl #buckets 4 coarsen threshold 1843 Howl Bitmap #cards 512 size 80 coarsen threshold 460 Card regions per heap region 1 cards per card region 2048
 CPUs: 14 total, 14 available
 Memory: 15828M
 Large Page Support: Disabled
 NUMA Support: Disabled
 Compressed Oops: Enabled (32-bit)
 Heap Region Size: 1M
 Heap Min Capacity: 8M
 Heap Initial Capacity: 248M
 Heap Max Capacity: 1G
 Pre-touch: Disabled
 Parallel Workers: 11
 Concurrent Workers: 3
 Concurrent Refinement Workers: 11
 Periodic GC: Disabled
Heap:
 garbage-first heap   total 116736K, used 65187K [0x00000000c0000000, 0x0000000100000000)
  region size 1024K, 1 young (1024K), 0 survivors (0K)
 Metaspace       used 58968K, committed 59904K, reserved 1114112K
  class space    used 7477K, committed 7872K, reserved 1048576K
GC Heap History (20 events):
Event: 1675.881 GC heap after
{Heap after GC invocations=125 (full 99):
 garbage-first heap   total 116736K, used 65187K [0x00000000c0000000, 0x0000000100000000)
  region size 1024K, 0 young (0K), 0 survivors (0K)
 Metaspace       used 58968K, committed 59904K, reserved 1114112K
  class space    used 7477K, committed 7872K, reserved 1048576K
}
Event: 1686.309 GC heap before
{Heap before GC invocations=125 (full 99):
 garbage-first heap   total 116736K, used 65187K [0x00000000c0000000, 0x0000000100000000)
  region size 1024K, 1 young (1024K), 0 survivors (0K)
 Metaspace       used 58968K, committed 59904K, reserved 1114112K
  class space    used 7477K, committed 7872K, reserved 1048576K
}
Event: 1686.357 GC heap after
{Heap after GC invocations=126 (full 100):
 garbage-first heap   total 116736K, used 65187K [0x00000000c0000000, 0x0000000100000000)
  region size 1024K, 0 young (0K), 0 survivors (0K)
 Metaspace       used 58968K, committed 59904K, reserved 1114112K
  class space    used 7477K, committed 7872K, reserved 1048576K
}
Event: 1696.853 GC heap before
{Heap before GC invocations=126 (full 100):
 garbage-first heap   total 116736K, used 65187K [0x00000000c0000000, 0x0000000100000000)
  region size 1024K, 1 young (1024K), 0 survivors (0K)
 Metaspace       used 58968K, committed 59904K, reserved 1114112K
  class space    used 7477K, committed 7872K, reserved 1048576K
}
Event: 1696.907 GC heap after
{Heap after GC invocations=127 (full 101):
 garbage-first heap   total 116736K, used 65187K [0x00000000c0000000, 0x0000000100000000)
  region size 1024K, 0 young (0K), 0 survivors (0K)
 Metaspace       used 58968K, committed 59904K, reserved 1114112K
  class space    used 7477K, committed 7872K, reserved 1048576K
}
Event: 1707.369 GC heap before
{Heap before GC invocations=127 (full 101):
 garbage-first heap   total 116736K, used 65187K [0x00000000c0000000, 0x0000000100000000)
  region size 1024K, 1 young (1024K), 0 survivors (0K)
 Metaspace       used 58968K, committed 59904K, reserved 1114112K
  class space    used 7477K, committed 7872K, reserved 1048576K
}
Event: 1707.431 GC heap after
{Heap after GC invocations=128 (full 102):
 garbage-first heap   total 116736K, used 65173K [0x00000000c0000000, 0x0000000100000000)
  region size 1024K, 0 young (0K), 0 survivors (0K)
 Metaspace       used 58958K, committed 59904K, reserved 1114112K
  class space    used 7475K, committed 7872K, reserved 1048576K
}
Event: 1717.843 GC heap before
{Heap before GC invocations=128 (full 102):
 garbage-first heap   total 116736K, used 65173K [0x00000000c0000000, 0x0000000100000000)
  region size 1024K, 1 young (1024K), 0 survivors (0K)
 Metaspace       used 58958K, committed 59904K, reserved 1114112K
  class space    used 7475K, committed 7872K, reserved 1048576K
}
Event: 1717.898 GC heap after
{Heap after GC invocations=129 (full 103):
 garbage-first heap   total 116736K, used 65174K [0x00000000c0000000, 0x0000000100000000)
  region size 1024K, 0 young (0K), 0 survivors (0K)
 Metaspace       used 58958K, committed 59904K, reserved 1114112K
  class space    used 7475K, committed 7872K, reserved 1048576K
}
Event: 1728.378 GC heap before
{Heap before GC invocations=129 (full 103):
 garbage-first heap   total 116736K, used 65174K [0x00000000c0000000, 0x0000000100000000)
  region size 1024K, 1 young (1024K), 0 survivors (0K)
 Metaspace       used 58958K, committed 59904K, reserved 1114112K
  class space    used 7475K, committed 7872K, reserved 1048576K
}
Event: 1728.423 GC heap after
{Heap after GC invocations=130 (full 104):
 garbage-first heap   total 116736K, used 65174K [0x00000000c0000000, 0x0000000100000000)
  region size 1024K, 0 young (0K), 0 survivors (0K)
 Metaspace       used 58958K, committed 59904K, reserved 1114112K
  class space    used 7475K, committed 7872K, reserved 1048576K
}
Event: 1738.921 GC heap before
{Heap before GC invocations=130 (full 104):
 garbage-first heap   total 116736K, used 65174K [0x00000000c0000000, 0x0000000100000000)
  region size 1024K, 1 young (1024K), 0 survivors (0K)
 Metaspace       used 58958K, committed 59904K, reserved 1114112K
  class space    used 7475K, committed 7872K, reserved 1048576K
}
Event: 1738.978 GC heap after
{Heap after GC invocations=131 (full 105):
 garbage-first heap   total 116736K, used 65174K [0x00000000c0000000, 0x0000000100000000)
  region size 1024K, 0 young (0K), 0 survivors (0K)
 Metaspace       used 58958K, committed 59904K, reserved 1114112K
  class space    used 7475K, committed 7872K, reserved 1048576K
}
Event: 1749.377 GC heap before
{Heap before GC invocations=131 (full 105):
 garbage-first heap   total 116736K, used 65174K [0x00000000c0000000, 0x0000000100000000)
  region size 1024K, 1 young (1024K), 0 survivors (0K)
 Metaspace       used 58958K, committed 59904K, reserved 1114112K
  class space    used 7475K, committed 7872K, reserved 1048576K
}
Event: 1749.428 GC heap after
{Heap after GC invocations=132 (full 106):
 garbage-first heap   total 116736K, used 65174K [0x00000000c0000000, 0x0000000100000000)
  region size 1024K, 0 young (0K), 0 survivors (0K)
 Metaspace       used 58958K, committed 59904K, reserved 1114112K
  class space    used 7475K, committed 7872K, reserved 1048576K
}
Event: 1759.853 GC heap before
{Heap before GC invocations=132 (full 106):
 garbage-first heap   total 116736K, used 65174K [0x00000000c0000000, 0x0000000100000000)
  region size 1024K, 1 young (1024K), 0 survivors (0K)
 Metaspace       used 58968K, committed 59904K, reserved 1114112K
  class space    used 7477K, committed 7872K, reserved 1048576K
}
Event: 1759.906 GC heap after
{Heap after GC invocations=133 (full 107):
 garbage-first heap   total 116736K, used 65187K [0x00000000c0000000, 0x0000000100000000)
  region size 1024K, 0 young (0K), 0 survivors (0K)
 Metaspace       used 58968K, committed 59904K, reserved 1114112K
  class space    used 7477K, committed 7872K, reserved 1048576K
}
Event: 1770.401 GC heap before
{Heap before GC invocations=133 (full 107):
 garbage-first heap   total 116736K, used 65187K [0x00000000c0000000, 0x0000000100000000)
  region size 1024K, 1 young (1024K), 0 survivors (0K)
 Metaspace       used 58968K, committed 59904K, reserved 1114112K
  class space    used 7477K, committed 7872K, reserved 1048576K
}
Event: 1770.455 GC heap after
{Heap after GC invocations=134 (full 108):
 garbage-first heap   total 116736K, used 65187K [0x00000000c0000000, 0x0000000100000000)
  region size 1024K, 0 young (0K), 0 survivors (0K)
 Metaspace       used 58968K, committed 59904K, reserved 1114112K
  class space    used 7477K, committed 7872K, reserved 1048576K
}
Event: 1781.635 GC heap before
{Heap before GC invocations=134 (full 108):
 garbage-first heap   total 116736K, used 65187K [0x00000000c0000000, 0x0000000100000000)
  region size 1024K, 1 young (1024K), 0 survivors (0K)
 Metaspace       used 58968K, committed 59904K, reserved 1114112K
  class space    used 7477K, committed 7872K, reserved 1048576K
}

