# JRE version: OpenJDK Runtime Environment Temurin-21.0.8+9 (21.0.8+9) (build 21.0.8+9-LTS)
# Java VM: OpenJDK 64-Bit Server VM Temurin-21.0.8+9 (21.0.8+9-LTS, mixed mode, emulated-client, sharing, tiered, compressed oops, compressed class ptrs, g1 gc, windows-amd64)
GC Precious Log:
 CardTable entry size: 512
 Card Set container configuration: InlinePtr #cards 5 size 8 Array Of Cards #cards 12 size 40 Howl #buckets 4 coarsen threshold 1843 Howl Bitmap #cards 512 size 80 coarsen threshold 460 Card regions per heap region 1 cards per card region 2048
 CPUs: 14 total, 14 available
 Memory: 15828M
 Large Page Support: Disabled
 NUMA Support: Disabled
 Compressed Oops: Enabled (32-bit)
 Heap Region Size: 1M
 Heap Min Capacity: 8M
 Heap Initial Capacity: 248M
 Heap Max Capacity: 1G
 Pre-touch: Disabled
 Parallel Workers: 11
 Concurrent Workers: 3
 Concurrent Refinement Workers: 11
 Periodic GC: Disabled
Heap:
 garbage-first heap   total 91136K, used 49091K [0x00000000c0000000, 0x0000000100000000)
  region size 1024K, 1 young (1024K), 0 survivors (0K)
 Metaspace       used 59420K, committed 60224K, reserved 1114112K
  class space    used 7566K, committed 7936K, reserved 1048576K
GC Heap History (20 events):
Event: 9728.658 GC heap after
{Heap after GC invocations=906 (full 884):
 garbage-first heap   total 91136K, used 49077K [0x00000000c0000000, 0x0000000100000000)
  region size 1024K, 0 young (0K), 0 survivors (0K)
 Metaspace       used 59410K, committed 60224K, reserved 1114112K
  class space    used 7564K, committed 7936K, reserved 1048576K
}
Event: 9739.188 GC heap before
{Heap before GC invocations=906 (full 884):
 garbage-first heap   total 91136K, used 49077K [0x00000000c0000000, 0x0000000100000000)
  region size 1024K, 1 young (1024K), 0 survivors (0K)
 Metaspace       used 59410K, committed 60224K, reserved 1114112K
  class space    used 7564K, committed 7936K, reserved 1048576K
}
Event: 9739.216 GC heap after
{Heap after GC invocations=907 (full 885):
 garbage-first heap   total 91136K, used 49077K [0x00000000c0000000, 0x0000000100000000)
  region size 1024K, 0 young (0K), 0 survivors (0K)
 Metaspace       used 59410K, committed 60224K, reserved 1114112K
  class space    used 7564K, committed 7936K, reserved 1048576K
}
Event: 9750.269 GC heap before
{Heap before GC invocations=907 (full 885):
 garbage-first heap   total 91136K, used 49077K [0x00000000c0000000, 0x0000000100000000)
  region size 1024K, 1 young (1024K), 0 survivors (0K)
 Metaspace       used 59410K, committed 60224K, reserved 1114112K
  class space    used 7564K, committed 7936K, reserved 1048576K
}
Event: 9750.300 GC heap after
{Heap after GC invocations=908 (full 886):
 garbage-first heap   total 91136K, used 49077K [0x00000000c0000000, 0x0000000100000000)
  region size 1024K, 0 young (0K), 0 survivors (0K)
 Metaspace       used 59410K, committed 60224K, reserved 1114112K
  class space    used 7564K, committed 7936K, reserved 1048576K
}
Event: 9760.704 GC heap before
{Heap before GC invocations=908 (full 886):
 garbage-first heap   total 91136K, used 49077K [0x00000000c0000000, 0x0000000100000000)
  region size 1024K, 1 young (1024K), 0 survivors (0K)
 Metaspace       used 59410K, committed 60224K, reserved 1114112K
  class space    used 7564K, committed 7936K, reserved 1048576K
}
Event: 9760.732 GC heap after
{Heap after GC invocations=909 (full 887):
 garbage-first heap   total 91136K, used 49077K [0x00000000c0000000, 0x0000000100000000)
  region size 1024K, 0 young (0K), 0 survivors (0K)
 Metaspace       used 59410K, committed 60224K, reserved 1114112K
  class space    used 7564K, committed 7936K, reserved 1048576K
}
Event: 9771.184 GC heap before
{Heap before GC invocations=909 (full 887):
 garbage-first heap   total 91136K, used 49077K [0x00000000c0000000, 0x0000000100000000)
  region size 1024K, 1 young (1024K), 0 survivors (0K)
 Metaspace       used 59410K, committed 60224K, reserved 1114112K
  class space    used 7564K, committed 7936K, reserved 1048576K
}
Event: 9771.213 GC heap after
{Heap after GC invocations=910 (full 888):
 garbage-first heap   total 91136K, used 49077K [0x00000000c0000000, 0x0000000100000000)
  region size 1024K, 0 young (0K), 0 survivors (0K)
 Metaspace       used 59410K, committed 60224K, reserved 1114112K
  class space    used 7564K, committed 7936K, reserved 1048576K
}
Event: 9782.673 GC heap before
{Heap before GC invocations=910 (full 888):
 garbage-first heap   total 91136K, used 49077K [0x00000000c0000000, 0x0000000100000000)
  region size 1024K, 1 young (1024K), 0 survivors (0K)
 Metaspace       used 59410K, committed 60224K, reserved 1114112K
  class space    used 7564K, committed 7936K, reserved 1048576K
}
Event: 9782.698 GC heap after
{Heap after GC invocations=911 (full 889):
 garbage-first heap   total 91136K, used 49077K [0x00000000c0000000, 0x0000000100000000)
  region size 1024K, 0 young (0K), 0 survivors (0K)
 Metaspace       used 59410K, committed 60224K, reserved 1114112K
  class space    used 7564K, committed 7936K, reserved 1048576K
}
Event: 9793.450 GC heap before
{Heap before GC invocations=911 (full 889):
 garbage-first heap   total 91136K, used 49077K [0x00000000c0000000, 0x0000000100000000)
  region size 1024K, 1 young (1024K), 0 survivors (0K)
 Metaspace       used 59410K, committed 60224K, reserved 1114112K
  class space    used 7564K, committed 7936K, reserved 1048576K
}
Event: 9793.484 GC heap after
{Heap after GC invocations=912 (full 890):
 garbage-first heap   total 91136K, used 49077K [0x00000000c0000000, 0x0000000100000000)
  region size 1024K, 0 young (0K), 0 survivors (0K)
 Metaspace       used 59410K, committed 60224K, reserved 1114112K
  class space    used 7564K, committed 7936K, reserved 1048576K
}
Event: 9803.953 GC heap before
{Heap before GC invocations=912 (full 890):
 garbage-first heap   total 91136K, used 49077K [0x00000000c0000000, 0x0000000100000000)
  region size 1024K, 1 young (1024K), 0 survivors (0K)
 Metaspace       used 59410K, committed 60224K, reserved 1114112K
  class space    used 7564K, committed 7936K, reserved 1048576K
}
Event: 9803.991 GC heap after
{Heap after GC invocations=913 (full 891):
 garbage-first heap   total 91136K, used 49077K [0x00000000c0000000, 0x0000000100000000)
  region size 1024K, 0 young (0K), 0 survivors (0K)
 Metaspace       used 59410K, committed 60224K, reserved 1114112K
  class space    used 7564K, committed 7936K, reserved 1048576K
}
Event: 9814.513 GC heap before
{Heap before GC invocations=913 (full 891):
 garbage-first heap   total 91136K, used 49077K [0x00000000c0000000, 0x0000000100000000)
  region size 1024K, 1 young (1024K), 0 survivors (0K)
 Metaspace       used 59410K, committed 60224K, reserved 1114112K
  class space    used 7564K, committed 7936K, reserved 1048576K
}
Event: 9814.547 GC heap after
{Heap after GC invocations=914 (full 892):
 garbage-first heap   total 91136K, used 49077K [0x00000000c0000000, 0x0000000100000000)
  region size 1024K, 0 young (0K), 0 survivors (0K)
 Metaspace       used 59410K, committed 60224K, reserved 1114112K
  class space    used 7564K, committed 7936K, reserved 1048576K
}
Event: 9825.009 GC heap before
{Heap before GC invocations=914 (full 892):
 garbage-first heap   total 91136K, used 49077K [0x00000000c0000000, 0x0000000100000000)
  region size 1024K, 1 young (1024K), 0 survivors (0K)
 Metaspace       used 59420K, committed 60224K, reserved 1114112K
  class space    used 7566K, committed 7936K, reserved 1048576K
}
Event: 9825.045 GC heap after
{Heap after GC invocations=915 (full 893):
 garbage-first heap   total 91136K, used 49091K [0x00000000c0000000, 0x0000000100000000)
  region size 1024K, 0 young (0K), 0 survivors (0K)
 Metaspace       used 59420K, committed 60224K, reserved 1114112K
  class space    used 7566K, committed 7936K, reserved 1048576K
}
Event: 9842.543 GC heap before
{Heap before GC invocations=915 (full 893):
 garbage-first heap   total 91136K, used 49091K [0x00000000c0000000, 0x0000000100000000)
  region size 1024K, 1 young (1024K), 0 survivors (0K)
 Metaspace       used 59420K, committed 60224K, reserved 1114112K
  class space    used 7566K, committed 7936K, reserved 1048576K
}

