# JRE version: OpenJDK Runtime Environment Temurin-21.0.8+9 (21.0.8+9) (build 21.0.8+9-LTS)
# Java VM: OpenJDK 64-Bit Server VM Temurin-21.0.8+9 (21.0.8+9-LTS, mixed mode, emulated-client, sharing, tiered, compressed oops, compressed class ptrs, g1 gc, windows-amd64)
GC Precious Log:
 CardTable entry size: 512
 Card Set container configuration: InlinePtr #cards 5 size 8 Array Of Cards #cards 12 size 40 Howl #buckets 4 coarsen threshold 1843 Howl Bitmap #cards 512 size 80 coarsen threshold 460 Card regions per heap region 1 cards per card region 2048
 CPUs: 14 total, 14 available
 Memory: 15828M
 Large Page Support: Disabled
 NUMA Support: Disabled
 Compressed Oops: Enabled (32-bit)
 Heap Region Size: 1M
 Heap Min Capacity: 8M
 Heap Initial Capacity: 248M
 Heap Max Capacity: 1G
 Pre-touch: Disabled
 Parallel Workers: 11
 Concurrent Workers: 3
 Concurrent Refinement Workers: 11
 Periodic GC: Disabled
Heap:
 garbage-first heap   total 107520K, used 47469K [0x00000000c0000000, 0x0000000100000000)
  region size 1024K, 1 young (1024K), 0 survivors (0K)
 Metaspace       used 56522K, committed 57856K, reserved 1114112K
  class space    used 7123K, committed 7616K, reserved 1048576K
GC Heap History (20 events):
Event: 592.318 GC heap after
{Heap after GC invocations=70 (full 53):
 garbage-first heap   total 107520K, used 47469K [0x00000000c0000000, 0x0000000100000000)
  region size 1024K, 0 young (0K), 0 survivors (0K)
 Metaspace       used 56522K, committed 57856K, reserved 1114112K
  class space    used 7123K, committed 7616K, reserved 1048576K
}
Event: 602.857 GC heap before
{Heap before GC invocations=70 (full 53):
 garbage-first heap   total 107520K, used 47469K [0x00000000c0000000, 0x0000000100000000)
  region size 1024K, 1 young (1024K), 0 survivors (0K)
 Metaspace       used 56522K, committed 57856K, reserved 1114112K
  class space    used 7123K, committed 7616K, reserved 1048576K
}
Event: 602.884 GC heap after
{Heap after GC invocations=71 (full 54):
 garbage-first heap   total 107520K, used 47469K [0x00000000c0000000, 0x0000000100000000)
  region size 1024K, 0 young (0K), 0 survivors (0K)
 Metaspace       used 56522K, committed 57856K, reserved 1114112K
  class space    used 7123K, committed 7616K, reserved 1048576K
}
Event: 613.351 GC heap before
{Heap before GC invocations=71 (full 54):
 garbage-first heap   total 107520K, used 47469K [0x00000000c0000000, 0x0000000100000000)
  region size 1024K, 1 young (1024K), 0 survivors (0K)
 Metaspace       used 56522K, committed 57856K, reserved 1114112K
  class space    used 7123K, committed 7616K, reserved 1048576K
}
Event: 613.391 GC heap after
{Heap after GC invocations=72 (full 55):
 garbage-first heap   total 107520K, used 47469K [0x00000000c0000000, 0x0000000100000000)
  region size 1024K, 0 young (0K), 0 survivors (0K)
 Metaspace       used 56522K, committed 57856K, reserved 1114112K
  class space    used 7123K, committed 7616K, reserved 1048576K
}
Event: 623.983 GC heap before
{Heap before GC invocations=72 (full 55):
 garbage-first heap   total 107520K, used 47469K [0x00000000c0000000, 0x0000000100000000)
  region size 1024K, 1 young (1024K), 0 survivors (0K)
 Metaspace       used 56522K, committed 57856K, reserved 1114112K
  class space    used 7123K, committed 7616K, reserved 1048576K
}
Event: 624.015 GC heap after
{Heap after GC invocations=73 (full 56):
 garbage-first heap   total 107520K, used 47469K [0x00000000c0000000, 0x0000000100000000)
  region size 1024K, 0 young (0K), 0 survivors (0K)
 Metaspace       used 56522K, committed 57856K, reserved 1114112K
  class space    used 7123K, committed 7616K, reserved 1048576K
}
Event: 634.463 GC heap before
{Heap before GC invocations=73 (full 56):
 garbage-first heap   total 107520K, used 47469K [0x00000000c0000000, 0x0000000100000000)
  region size 1024K, 1 young (1024K), 0 survivors (0K)
 Metaspace       used 56522K, committed 57856K, reserved 1114112K
  class space    used 7123K, committed 7616K, reserved 1048576K
}
Event: 634.501 GC heap after
{Heap after GC invocations=74 (full 57):
 garbage-first heap   total 107520K, used 47469K [0x00000000c0000000, 0x0000000100000000)
  region size 1024K, 0 young (0K), 0 survivors (0K)
 Metaspace       used 56522K, committed 57856K, reserved 1114112K
  class space    used 7123K, committed 7616K, reserved 1048576K
}
Event: 644.921 GC heap before
{Heap before GC invocations=74 (full 57):
 garbage-first heap   total 107520K, used 47469K [0x00000000c0000000, 0x0000000100000000)
  region size 1024K, 1 young (1024K), 0 survivors (0K)
 Metaspace       used 56522K, committed 57856K, reserved 1114112K
  class space    used 7123K, committed 7616K, reserved 1048576K
}
Event: 644.958 GC heap after
{Heap after GC invocations=75 (full 58):
 garbage-first heap   total 107520K, used 47469K [0x00000000c0000000, 0x0000000100000000)
  region size 1024K, 0 young (0K), 0 survivors (0K)
 Metaspace       used 56522K, committed 57856K, reserved 1114112K
  class space    used 7123K, committed 7616K, reserved 1048576K
}
Event: 655.460 GC heap before
{Heap before GC invocations=75 (full 58):
 garbage-first heap   total 107520K, used 47469K [0x00000000c0000000, 0x0000000100000000)
  region size 1024K, 1 young (1024K), 0 survivors (0K)
 Metaspace       used 56522K, committed 57856K, reserved 1114112K
  class space    used 7123K, committed 7616K, reserved 1048576K
}
Event: 655.489 GC heap after
{Heap after GC invocations=76 (full 59):
 garbage-first heap   total 107520K, used 47469K [0x00000000c0000000, 0x0000000100000000)
  region size 1024K, 0 young (0K), 0 survivors (0K)
 Metaspace       used 56522K, committed 57856K, reserved 1114112K
  class space    used 7123K, committed 7616K, reserved 1048576K
}
Event: 665.954 GC heap before
{Heap before GC invocations=76 (full 59):
 garbage-first heap   total 107520K, used 47469K [0x00000000c0000000, 0x0000000100000000)
  region size 1024K, 1 young (1024K), 0 survivors (0K)
 Metaspace       used 56522K, committed 57856K, reserved 1114112K
  class space    used 7123K, committed 7616K, reserved 1048576K
}
Event: 665.988 GC heap after
{Heap after GC invocations=77 (full 60):
 garbage-first heap   total 107520K, used 47469K [0x00000000c0000000, 0x0000000100000000)
  region size 1024K, 0 young (0K), 0 survivors (0K)
 Metaspace       used 56522K, committed 57856K, reserved 1114112K
  class space    used 7123K, committed 7616K, reserved 1048576K
}
Event: 676.515 GC heap before
{Heap before GC invocations=77 (full 60):
 garbage-first heap   total 107520K, used 47469K [0x00000000c0000000, 0x0000000100000000)
  region size 1024K, 1 young (1024K), 0 survivors (0K)
 Metaspace       used 56522K, committed 57856K, reserved 1114112K
  class space    used 7123K, committed 7616K, reserved 1048576K
}
Event: 676.541 GC heap after
{Heap after GC invocations=78 (full 61):
 garbage-first heap   total 107520K, used 47469K [0x00000000c0000000, 0x0000000100000000)
  region size 1024K, 0 young (0K), 0 survivors (0K)
 Metaspace       used 56522K, committed 57856K, reserved 1114112K
  class space    used 7123K, committed 7616K, reserved 1048576K
}
Event: 691.598 GC heap before
{Heap before GC invocations=78 (full 61):
 garbage-first heap   total 107520K, used 47469K [0x00000000c0000000, 0x0000000100000000)
  region size 1024K, 1 young (1024K), 0 survivors (0K)
 Metaspace       used 56522K, committed 57856K, reserved 1114112K
  class space    used 7123K, committed 7616K, reserved 1048576K
}
Event: 691.632 GC heap after
{Heap after GC invocations=79 (full 62):
 garbage-first heap   total 107520K, used 47469K [0x00000000c0000000, 0x0000000100000000)
  region size 1024K, 0 young (0K), 0 survivors (0K)
 Metaspace       used 56522K, committed 57856K, reserved 1114112K
  class space    used 7123K, committed 7616K, reserved 1048576K
}
Event: 705.293 GC heap before
{Heap before GC invocations=79 (full 62):
 garbage-first heap   total 107520K, used 47469K [0x00000000c0000000, 0x0000000100000000)
  region size 1024K, 1 young (1024K), 0 survivors (0K)
 Metaspace       used 56522K, committed 57856K, reserved 1114112K
  class space    used 7123K, committed 7616K, reserved 1048576K
}

