# JRE version: OpenJDK Runtime Environment Temurin-21.0.8+9 (21.0.8+9) (build 21.0.8+9-LTS)
# Java VM: OpenJDK 64-Bit Server VM Temurin-21.0.8+9 (21.0.8+9-LTS, mixed mode, emulated-client, sharing, tiered, compressed oops, compressed class ptrs, g1 gc, windows-amd64)
GC Precious Log:
 CardTable entry size: 512
 Card Set container configuration: InlinePtr #cards 5 size 8 Array Of Cards #cards 12 size 40 Howl #buckets 4 coarsen threshold 1843 Howl Bitmap #cards 512 size 80 coarsen threshold 460 Card regions per heap region 1 cards per card region 2048
 CPUs: 14 total, 14 available
 Memory: 15828M
 Large Page Support: Disabled
 NUMA Support: Disabled
 Compressed Oops: Enabled (32-bit)
 Heap Region Size: 1M
 Heap Min Capacity: 8M
 Heap Initial Capacity: 248M
 Heap Max Capacity: 1G
 Pre-touch: Disabled
 Parallel Workers: 11
 Concurrent Workers: 3
 Concurrent Refinement Workers: 11
 Periodic GC: Disabled
Heap:
 garbage-first heap   total 142336K, used 73850K [0x00000000c0000000, 0x0000000100000000)
  region size 1024K, 1 young (1024K), 0 survivors (0K)
 Metaspace       used 59849K, committed 60736K, reserved 1114112K
  class space    used 7604K, committed 8000K, reserved 1048576K
GC Heap History (20 events):
Event: 3090.057 GC heap after
{Heap after GC invocations=209 (full 160):
 garbage-first heap   total 138240K, used 71061K [0x00000000c0000000, 0x0000000100000000)
  region size 1024K, 3 young (3072K), 3 survivors (3072K)
 Metaspace       used 59774K, committed 60672K, reserved 1114112K
  class space    used 7596K, committed 8000K, reserved 1048576K
}
Event: 3138.191 GC heap before
{Heap before GC invocations=210 (full 160):
 garbage-first heap   total 138240K, used 118165K [0x00000000c0000000, 0x0000000100000000)
  region size 1024K, 51 young (52224K), 3 survivors (3072K)
 Metaspace       used 59834K, committed 60672K, reserved 1114112K
  class space    used 7604K, committed 8000K, reserved 1048576K
}
Event: 3138.195 GC heap after
{Heap after GC invocations=211 (full 160):
 garbage-first heap   total 138240K, used 74512K [0x00000000c0000000, 0x0000000100000000)
  region size 1024K, 7 young (7168K), 7 survivors (7168K)
 Metaspace       used 59834K, committed 60672K, reserved 1114112K
  class space    used 7604K, committed 8000K, reserved 1048576K
}
Event: 3138.487 GC heap before
{Heap before GC invocations=211 (full 160):
 garbage-first heap   total 138240K, used 119568K [0x00000000c0000000, 0x0000000100000000)
  region size 1024K, 52 young (53248K), 7 survivors (7168K)
 Metaspace       used 59989K, committed 60736K, reserved 1114112K
  class space    used 7631K, committed 8000K, reserved 1048576K
}
Event: 3138.495 GC heap after
{Heap after GC invocations=212 (full 160):
 garbage-first heap   total 142336K, used 83997K [0x00000000c0000000, 0x0000000100000000)
  region size 1024K, 7 young (7168K), 7 survivors (7168K)
 Metaspace       used 59989K, committed 60736K, reserved 1114112K
  class space    used 7631K, committed 8000K, reserved 1048576K
}
Event: 3178.032 GC heap before
{Heap before GC invocations=212 (full 160):
 garbage-first heap   total 142336K, used 87069K [0x00000000c0000000, 0x0000000100000000)
  region size 1024K, 11 young (11264K), 7 survivors (7168K)
 Metaspace       used 59989K, committed 60736K, reserved 1114112K
  class space    used 7631K, committed 8000K, reserved 1048576K
}
Event: 3178.066 GC heap after
{Heap after GC invocations=213 (full 161):
 garbage-first heap   total 142336K, used 75031K [0x00000000c0000000, 0x0000000100000000)
  region size 1024K, 0 young (0K), 0 survivors (0K)
 Metaspace       used 59989K, committed 60736K, reserved 1114112K
  class space    used 7631K, committed 8000K, reserved 1048576K
}
Event: 3188.432 GC heap before
{Heap before GC invocations=213 (full 161):
 garbage-first heap   total 142336K, used 75031K [0x00000000c0000000, 0x0000000100000000)
  region size 1024K, 1 young (1024K), 0 survivors (0K)
 Metaspace       used 59989K, committed 60736K, reserved 1114112K
  class space    used 7631K, committed 8000K, reserved 1048576K
}
Event: 3188.469 GC heap after
{Heap after GC invocations=214 (full 162):
 garbage-first heap   total 142336K, used 74650K [0x00000000c0000000, 0x0000000100000000)
  region size 1024K, 0 young (0K), 0 survivors (0K)
 Metaspace       used 59894K, committed 60736K, reserved 1114112K
  class space    used 7614K, committed 8000K, reserved 1048576K
}
Event: 3198.867 GC heap before
{Heap before GC invocations=214 (full 162):
 garbage-first heap   total 142336K, used 74650K [0x00000000c0000000, 0x0000000100000000)
  region size 1024K, 1 young (1024K), 0 survivors (0K)
 Metaspace       used 59894K, committed 60736K, reserved 1114112K
  class space    used 7614K, committed 8000K, reserved 1048576K
}
Event: 3198.902 GC heap after
{Heap after GC invocations=215 (full 163):
 garbage-first heap   total 142336K, used 74650K [0x00000000c0000000, 0x0000000100000000)
  region size 1024K, 0 young (0K), 0 survivors (0K)
 Metaspace       used 59894K, committed 60736K, reserved 1114112K
  class space    used 7614K, committed 8000K, reserved 1048576K
}
Event: 3209.324 GC heap before
{Heap before GC invocations=215 (full 163):
 garbage-first heap   total 142336K, used 74650K [0x00000000c0000000, 0x0000000100000000)
  region size 1024K, 1 young (1024K), 0 survivors (0K)
 Metaspace       used 59894K, committed 60736K, reserved 1114112K
  class space    used 7614K, committed 8000K, reserved 1048576K
}
Event: 3209.373 GC heap after
{Heap after GC invocations=216 (full 164):
 garbage-first heap   total 142336K, used 74650K [0x00000000c0000000, 0x0000000100000000)
  region size 1024K, 0 young (0K), 0 survivors (0K)
 Metaspace       used 59894K, committed 60736K, reserved 1114112K
  class space    used 7614K, committed 8000K, reserved 1048576K
}
Event: 3219.763 GC heap before
{Heap before GC invocations=216 (full 164):
 garbage-first heap   total 142336K, used 74650K [0x00000000c0000000, 0x0000000100000000)
  region size 1024K, 1 young (1024K), 0 survivors (0K)
 Metaspace       used 59894K, committed 60736K, reserved 1114112K
  class space    used 7614K, committed 8000K, reserved 1048576K
}
Event: 3219.808 GC heap after
{Heap after GC invocations=217 (full 165):
 garbage-first heap   total 142336K, used 73850K [0x00000000c0000000, 0x0000000100000000)
  region size 1024K, 0 young (0K), 0 survivors (0K)
 Metaspace       used 59849K, committed 60736K, reserved 1114112K
  class space    used 7604K, committed 8000K, reserved 1048576K
}
Event: 3230.166 GC heap before
{Heap before GC invocations=217 (full 165):
 garbage-first heap   total 142336K, used 73850K [0x00000000c0000000, 0x0000000100000000)
  region size 1024K, 1 young (1024K), 0 survivors (0K)
 Metaspace       used 59849K, committed 60736K, reserved 1114112K
  class space    used 7604K, committed 8000K, reserved 1048576K
}
Event: 3230.207 GC heap after
{Heap after GC invocations=218 (full 166):
 garbage-first heap   total 142336K, used 73850K [0x00000000c0000000, 0x0000000100000000)
  region size 1024K, 0 young (0K), 0 survivors (0K)
 Metaspace       used 59849K, committed 60736K, reserved 1114112K
  class space    used 7604K, committed 8000K, reserved 1048576K
}
Event: 3240.628 GC heap before
{Heap before GC invocations=218 (full 166):
 garbage-first heap   total 142336K, used 73850K [0x00000000c0000000, 0x0000000100000000)
  region size 1024K, 1 young (1024K), 0 survivors (0K)
 Metaspace       used 59849K, committed 60736K, reserved 1114112K
  class space    used 7604K, committed 8000K, reserved 1048576K
}
Event: 3240.669 GC heap after
{Heap after GC invocations=219 (full 167):
 garbage-first heap   total 142336K, used 73850K [0x00000000c0000000, 0x0000000100000000)
  region size 1024K, 0 young (0K), 0 survivors (0K)
 Metaspace       used 59849K, committed 60736K, reserved 1114112K
  class space    used 7604K, committed 8000K, reserved 1048576K
}
Event: 3251.699 GC heap before
{Heap before GC invocations=219 (full 167):
 garbage-first heap   total 142336K, used 73850K [0x00000000c0000000, 0x0000000100000000)
  region size 1024K, 1 young (1024K), 0 survivors (0K)
 Metaspace       used 59849K, committed 60736K, reserved 1114112K
  class space    used 7604K, committed 8000K, reserved 1048576K
}

